<?xml version="1.0" encoding="UTF-8"?>
<!-- Generated by org.testng.reporters.JUnitXMLReporter -->
<testsuite ignored="0" hostname="Automation_Love" failures="1" tests="1" name="NewVendorFlow" time="42.1" errors="0" timestamp="2023-02-14T13:35:15 IST">
  <testcase classname="com.diningedge.Regression.NewVendorFlow" name="Test01_BasicFlowLogin" time="25.165">
    <failure type="org.openqa.selenium.ElementClickInterceptedException" message="element click intercepted: Element &amp;lt;input aria-invalid=&amp;quot;false&amp;quot; autocomplete=&amp;quot;off&amp;quot; class=&amp;quot;jss598 jss583&amp;quot; id=&amp;quot;integration-downshift-simple&amp;quot; placeholder=&amp;quot;Enter 3 or more characters&amp;quot; type=&amp;quot;text&amp;quot; tabindex=&amp;quot;0&amp;quot; value=&amp;quot;Automation Cheney&amp;quot;&amp;gt; is not clickable at point (1360, 196). Other element would receive the click: &amp;lt;div class=&amp;quot;jss700 jss699&amp;quot; role=&amp;quot;document&amp;quot; tabindex=&amp;quot;-1&amp;quot; style=&amp;quot;opacity: 1; transition: opacity 225ms cubic-bezier(0.4, 0, 0.2, 1) 0ms;&amp;quot;&amp;gt;...&amp;lt;/div&amp;gt;
  (Session info: chrome=110.0.5481.77)
Build info: version: &amp;apos;4.7.2&amp;apos;, revision: &amp;apos;4d4020c3b7&amp;apos;
System info: os.name: &amp;apos;Windows 11&amp;apos;, os.arch: &amp;apos;amd64&amp;apos;, os.version: &amp;apos;10.0&amp;apos;, java.version: &amp;apos;17.0.5&amp;apos;
Driver info: org.openqa.selenium.chrome.ChromeDriver
Command: [85d25e82e6cd9c18c1d1e4c7f7cfc921, clickElement {id=1cc23cae-8535-4eb7-8017-8e0cbc68db5b}]
Capabilities {acceptInsecureCerts: false, browserName: chrome, browserVersion: 110.0.5481.77, chrome: {chromedriverVersion: 110.0.5481.77 (65ed616c6e8e..., userDataDir: C:\Users\JYOTIS~1\AppData\L...}, goog:chromeOptions: {debuggerAddress: localhost:61387}, networkConnectionEnabled: false, pageLoadStrategy: normal, platformName: WINDOWS, proxy: Proxy(), se:cdp: ws://localhost:61387/devtoo..., se:cdpVersion: 110.0.5481.77, setWindowRect: true, strictFileInteractability: false, timeouts: {implicit: 0, pageLoad: 300000, script: 30000}, unhandledPromptBehavior: dismiss and notify, webauthn:extension:credBlob: true, webauthn:extension:largeBlob: true, webauthn:virtualAuthenticators: true}
Element: [[ChromeDriver: chrome on WINDOWS (85d25e82e6cd9c18c1d1e4c7f7cfc921)] -&amp;gt; xpath: //div//input[@id=&amp;apos;integration-downshift-simple&amp;apos;]]
Session ID: 85d25e82e6cd9c18c1d1e4c7f7cfc921">
      <![CDATA[org.openqa.selenium.ElementClickInterceptedException: element click intercepted: Element <input aria-invalid="false" autocomplete="off" class="jss598 jss583" id="integration-downshift-simple" placeholder="Enter 3 or more characters" type="text" tabindex="0" value="Automation Cheney"> is not clickable at point (1360, 196). Other element would receive the click: <div class="jss700 jss699" role="document" tabindex="-1" style="opacity: 1; transition: opacity 225ms cubic-bezier(0.4, 0, 0.2, 1) 0ms;">...</div>
  (Session info: chrome=110.0.5481.77)
Build info: version: '4.7.2', revision: '4d4020c3b7'
System info: os.name: 'Windows 11', os.arch: 'amd64', os.version: '10.0', java.version: '17.0.5'
Driver info: org.openqa.selenium.chrome.ChromeDriver
Command: [85d25e82e6cd9c18c1d1e4c7f7cfc921, clickElement {id=1cc23cae-8535-4eb7-8017-8e0cbc68db5b}]
Capabilities {acceptInsecureCerts: false, browserName: chrome, browserVersion: 110.0.5481.77, chrome: {chromedriverVersion: 110.0.5481.77 (65ed616c6e8e..., userDataDir: C:\Users\JYOTIS~1\AppData\L...}, goog:chromeOptions: {debuggerAddress: localhost:61387}, networkConnectionEnabled: false, pageLoadStrategy: normal, platformName: WINDOWS, proxy: Proxy(), se:cdp: ws://localhost:61387/devtoo..., se:cdpVersion: 110.0.5481.77, setWindowRect: true, strictFileInteractability: false, timeouts: {implicit: 0, pageLoad: 300000, script: 30000}, unhandledPromptBehavior: dismiss and notify, webauthn:extension:credBlob: true, webauthn:extension:largeBlob: true, webauthn:virtualAuthenticators: true}
Element: [[ChromeDriver: chrome on WINDOWS (85d25e82e6cd9c18c1d1e4c7f7cfc921)] -> xpath: //div//input[@id='integration-downshift-simple']]
Session ID: 85d25e82e6cd9c18c1d1e4c7f7cfc921
at org.openqa.selenium.remote.codec.w3c.W3CHttpResponseCodec.createException(W3CHttpResponseCodec.java:200)
at org.openqa.selenium.remote.codec.w3c.W3CHttpResponseCodec.decode(W3CHttpResponseCodec.java:133)
at org.openqa.selenium.remote.codec.w3c.W3CHttpResponseCodec.decode(W3CHttpResponseCodec.java:53)
at org.openqa.selenium.remote.HttpCommandExecutor.execute(HttpCommandExecutor.java:184)
at org.openqa.selenium.remote.service.DriverCommandExecutor.invokeExecute(DriverCommandExecutor.java:167)
at org.openqa.selenium.remote.service.DriverCommandExecutor.execute(DriverCommandExecutor.java:142)
at org.openqa.selenium.remote.RemoteWebDriver.execute(RemoteWebDriver.java:535)
at org.openqa.selenium.remote.RemoteWebElement.execute(RemoteWebElement.java:257)
at org.openqa.selenium.remote.RemoteWebElement.click(RemoteWebElement.java:78)
at org.openqa.selenium.support.pagefactory.internal.LocatingElementHandler.invoke(LocatingElementHandler.java:52)
at jdk.proxy2/jdk.proxy2.$Proxy21.click(Unknown Source)
at com.diningedge.PageActions.DiningEdge.Order_OGPage.enterVendorToAssign(Order_OGPage.java:155)
at com.diningedge.Regression.NewVendorFlow.createNewVendorItem(NewVendorFlow.java:61)
at com.diningedge.Regression.NewVendorFlow.Test01_BasicFlowLogin(NewVendorFlow.java:50)
at java.base/java.util.ArrayList.forEach(ArrayList.java:1511)
... Removed 35 stack frames]]>
    </failure>
  </testcase> <!-- Test01_BasicFlowLogin -->
</testsuite> <!-- NewVendorFlow -->
