<html>
<head>
<title>TestNG:  Default test</title>
<link href="../testng.css" rel="stylesheet" type="text/css" />
<link href="../my-testng.css" rel="stylesheet" type="text/css" />

<style type="text/css">
.log { display: none;} 
.stack-trace { display: none;} 
</style>
<script type="text/javascript">
<!--
function flip(e) {
  current = e.style.display;
  if (current == 'block') {
    e.style.display = 'none';
    return 0;
  }
  else {
    e.style.display = 'block';
    return 1;
  }
}

function toggleBox(szDivId, elem, msg1, msg2)
{
  var res = -1;  if (document.getElementById) {
    res = flip(document.getElementById(szDivId));
  }
  else if (document.all) {
    // this is the way old msie versions work
    res = flip(document.all[szDivId]);
  }
  if(elem) {
    if(res == 0) elem.innerHTML = msg1; else elem.innerHTML = msg2;
  }

}

function toggleAllBoxes() {
  if (document.getElementsByTagName) {
    d = document.getElementsByTagName('div');
    for (i = 0; i < d.length; i++) {
      if (d[i].className == 'log') {
        flip(d[i]);
      }
    }
  }
}

// -->
</script>

</head>
<body>
<h2 align='center'>Default test</h2><table border='1' align="center">
<tr>
<td>Tests passed/Failed/Skipped:</td><td>0/1/0</td>
</tr><tr>
<td>Started on:</td><td>Mon Jul 03 17:03:34 IST 2023</td>
</tr>
<tr><td>Total time:</td><td>97 seconds (97241 ms)</td>
</tr><tr>
<td>Included groups:</td><td></td>
</tr><tr>
<td>Excluded groups:</td><td></td>
</tr>
</table><p/>
<small><i>(Hover the method name to see the test class name)</i></small><p/>
<table width='100%' border='1' class='invocation-failed'>
<tr><td colspan='4' align='center'><b>FAILED TESTS</b></td></tr>
<tr><td><b>Test method</b></td>
<td width="30%"><b>Exception</b></td>
<td width="10%"><b>Time (seconds)</b></td>
<td><b>Instance</b></td>
</tr>
<tr>
<td title='com.diningedge.Regression.E2E_Flow.Test01_BasicFlowLogin()'><b>Test01_BasicFlowLogin</b><br>Test class: com.diningedge.Regression.E2E_Flow<br>Parameters: US Foods, Milk, US Food Milk, 020<br/>
<a href="#Output-1617566660" onClick='toggleBox("Output-1617566660", this, "Show output", "Hide output");'>Show output</a>

<a href="#Output-1617566660" onClick="toggleAllBoxes();">Show all outputs</a>
<div class='log' id="Output-1617566660">
[2023-07-03] [17:04:27:265] User enters Name = testauto123<br/>
[2023-07-03] [17:04:27:402] User enters Password =12345678<br/>
[2023-07-03] [17:04:27:497] User clicks on the Login Button !!!<br/>
[2023-07-03] [17:04:32:743] Assertion Passed: DiningEdge is present on the HomePage<br/>
[2023-07-03] [17:04:32:817] Assertion Passed: Dashboard is present on the HomePage<br/>
[2023-07-03] [17:04:33:353] User clicks on Order Edge Button !!<br/>
[2023-07-03] [17:04:33:535] User clicks on select Location dropDown !!<br/>
[2023-07-03] [17:04:33:675] User clicks on select Location loc10 from dropDown !!<br/>
[2023-07-03] [17:04:34:056] User clicks on the setting Icon button !!<br/>
[2023-07-03] [17:04:37:238] User enters US Foods search bar !!<br/>
[2023-07-03] [17:04:37:450] User clicks on the US Foods List item !!<br/>
[2023-07-03] [17:04:39:743] User clicks on the EDI Settings Setting item !!<br/>
[2023-07-03] [17:04:39:873] User Select on the Send Order Setting options !!<br/>
[2023-07-03] [17:04:40:096] User clicks the select Type DropDown<br/>
[2023-07-03] [17:04:40:278] User clicks the Email DropDown<br/>
[2023-07-03] [17:04:41:095] User enter the following email ::diningedgetest@gmail.com<br/>
[2023-07-03] [17:04:41:318] User clicks on the Save button !!<br/>
[2023-07-03] [17:04:44:890] User clicks on the Snack Bar cross button !!<br/>
[2023-07-03] [17:04:45:351] User clicks on Order Edge Button !!<br/>
[2023-07-03] [17:04:49:721] User clicks on the add Product Button !!<br/>
[2023-07-03] [17:04:49:807] Assertion Passed: Create product is present on the popup<br/>
[2023-07-03] [17:04:49:910] Assertion Passed: Create product is present on the popup<br/>
[2023-07-03] [17:04:50:697] User enters the value Automation_Cheney_1 in Name<br/>
[2023-07-03] [17:04:50:811] Assertion Passed: Create product is present on the popup<br/>
[2023-07-03] [17:04:50:988] User enters the value 1 in Size<br/>
[2023-07-03] [17:04:51:179] User enters the value Unit * Dropdown !!<br/>
[2023-07-03] [17:04:54:402] User selects the value DOZ From the Dropdown !!<br/>
[2023-07-03] [17:04:54:894] User enters the value Primary Category * Dropdown !!<br/>
[2023-07-03] [17:04:58:152] User selects the value bread From the Dropdown !!<br/>
[2023-07-03] [17:04:58:654] User enters the value Storage Dropdown !!<br/>
[2023-07-03] [17:05:01:843] User selects the value Soft From the Dropdown !!<br/>
[2023-07-03] [17:05:01:898] Assertion Passed: Create product is present on the popup<br/>
[2023-07-03] [17:05:02:068] User enters the value 1 in Position<br/>
[2023-07-03] [17:05:05:401] User click on the Save button<br/>
[2023-07-03] [17:05:07:185] User clicks on the Snack Bar cross button !!<br/>
</div>
</td>
<td><div><pre>org.openqa.selenium.ElementClickInterceptedException: element click intercepted: Element &lt;svg class=&quot;jss415&quot; focusable=&quot;false&quot; viewBox=&quot;0 0 15.676 15.676&quot; aria-hidden=&quot;true&quot; role=&quot;presentation&quot; style=&quot;stroke: rgb(226, 226, 226); font-size: 18px;&quot;&gt;...&lt;/svg&gt; is not clickable at point (83, 217). Other element would receive the click: &lt;div class=&quot;jss986 jss984&quot; role=&quot;document&quot; tabindex=&quot;-1&quot; style=&quot;opacity: 1; transition: opacity 225ms cubic-bezier(0.4, 0, 0.2, 1) 0ms;&quot;&gt;...&lt;/div&gt;
  (Session info: chrome=114.0.5735.199)
Build info: version: &apos;4.7.2&apos;, revision: &apos;4d4020c3b7&apos;
System info: os.name: &apos;Windows 11&apos;, os.arch: &apos;amd64&apos;, os.version: &apos;10.0&apos;, java.version: &apos;17.0.5&apos;
Driver info: org.openqa.selenium.chrome.ChromeDriver
Command: [64e49367e6248f9d4c7711d06f8cf1d5, clickElement {id=37F39B67B69006F85CC7F09C8C78A357_element_99}]
Capabilities {acceptInsecureCerts: false, browserName: chrome, browserVersion: 114.0.5735.199, chrome: {chromedriverVersion: 114.0.5735.90 (386bc09e8f4f..., userDataDir: C:\Users\JYOTIS~1\AppData\L...}, goog:chromeOptions: {debuggerAddress: localhost:54333}, networkConnectionEnabled: false, pageLoadStrategy: normal, platformName: WINDOWS, proxy: Proxy(), se:cdp: ws://localhost:54333/devtoo..., se:cdpVersion: 114.0.5735.199, setWindowRect: true, strictFileInteractability: false, timeouts: {implicit: 0, pageLoad: 300000, script: 30000}, unhandledPromptBehavior: dismiss and notify, webauthn:extension:credBlob: true, webauthn:extension:largeBlob: true, webauthn:extension:minPinLength: true, webauthn:extension:prf: true, webauthn:virtualAuthenticators: true}
Element: [[ChromeDriver: chrome on WINDOWS (64e49367e6248f9d4c7711d06f8cf1d5)] -&gt; xpath: //div//h3[contains(.,&apos;Automation_Cheney_1&apos;)]/../..//a//button//span//*[local-name()=&apos;svg&apos; and @role=&apos;presentation&apos;]]
Session ID: 64e49367e6248f9d4c7711d06f8cf1d5
	at java.base/jdk.internal.reflect.NativeConstructorAccessorImpl.newInstance0(Native Method)
	at java.base/jdk.internal.reflect.NativeConstructorAccessorImpl.newInstance(NativeConstructorAccessorImpl.java:77)
	at java.base/jdk.internal.reflect.DelegatingConstructorAccessorImpl.newInstance(DelegatingConstructorAccessorImpl.java:45)
	at java.base/java.lang.reflect.Constructor.newInstanceWithCaller(Constructor.java:499)
	at java.base/java.lang.reflect.Constructor.newInstance(Constructor.java:480)
	at org.openqa.selenium.remote.codec.w3c.W3CHttpResponseCodec.createException(W3CHttpResponseCodec.java:200)
	at org.openqa.selenium.remote.codec.w3c.W3CHttpResponseCodec.decode(W3CHttpResponseCodec.java:133)
	at org.openqa.selenium.remote.codec.w3c.W3CHttpResponseCodec.decode(W3CHttpResponseCodec.java:53)
	at org.openqa.selenium.remote.HttpCommandExecutor.execute(HttpCommandExecutor.java:184)
	at org.openqa.selenium.remote.service.DriverCommandExecutor.invokeExecute(DriverCommandExecutor.java:167)
	at org.openqa.selenium.remote.service.DriverCommandExecutor.execute(DriverCommandExecutor.java:142)
	at org.openqa.selenium.remote.RemoteWebDriver.execute(RemoteWebDriver.java:535)
	at org.openqa.selenium.remote.RemoteWebElement.execute(RemoteWebElement.java:257)
	at org.openqa.selenium.remote.RemoteWebElement.click(RemoteWebElement.java:78)
	at com.diningedge.PageActions.DiningEdge.OrderEdgePage.clickOnComparabls(OrderEdgePage.java:231)
	at com.diningedge.Regression.E2E_Flow.addComparabls(E2E_Flow.java:141)
	at com.diningedge.Regression.E2E_Flow.Test01_BasicFlowLogin(E2E_Flow.java:98)
	at java.base/jdk.internal.reflect.NativeMethodAccessorImpl.invoke0(Native Method)
	at java.base/jdk.internal.reflect.NativeMethodAccessorImpl.invoke(NativeMethodAccessorImpl.java:77)
	at java.base/jdk.internal.reflect.DelegatingMethodAccessorImpl.invoke(DelegatingMethodAccessorImpl.java:43)
	at java.base/java.lang.reflect.Method.invoke(Method.java:568)
	at org.testng.internal.MethodInvocationHelper.invokeMethod(MethodInvocationHelper.java:133)
	at org.testng.internal.TestInvoker.invokeMethod(TestInvoker.java:598)
	at org.testng.internal.TestInvoker.invokeTestMethod(TestInvoker.java:173)
	at org.testng.internal.MethodRunner.runInSequence(MethodRunner.java:46)
	at org.testng.internal.TestInvoker$MethodInvocationAgent.invoke(TestInvoker.java:824)
	at org.testng.internal.TestInvoker.invokeTestMethods(TestInvoker.java:146)
	at org.testng.internal.TestMethodWorker.invokeTestMethods(TestMethodWorker.java:146)
	at org.testng.internal.TestMethodWorker.run(TestMethodWorker.java:128)
	at java.base/java.util.ArrayList.forEach(ArrayList.java:1511)
	at org.testng.TestRunner.privateRun(TestRunner.java:794)
	at org.testng.TestRunner.run(TestRunner.java:596)
	at org.testng.SuiteRunner.runTest(SuiteRunner.java:377)
	at org.testng.SuiteRunner.runSequentially(SuiteRunner.java:371)
	at org.testng.SuiteRunner.privateRun(SuiteRunner.java:332)
	at org.testng.SuiteRunner.run(SuiteRunner.java:276)
	at org.testng.SuiteRunnerWorker.runSuite(SuiteRunnerWorker.java:53)
	at org.testng.SuiteRunnerWorker.run(SuiteRunnerWorker.java:96)
	at org.testng.TestNG.runSuitesSequentially(TestNG.java:1212)
	at org.testng.TestNG.runSuitesLocally(TestNG.java:1134)
	at org.testng.TestNG.runSuites(TestNG.java:1063)
	at org.testng.TestNG.run(TestNG.java:1031)
	at org.testng.remote.AbstractRemoteTestNG.run(AbstractRemoteTestNG.java:115)
	at org.testng.remote.RemoteTestNG.initAndRun(RemoteTestNG.java:251)
	at org.testng.remote.RemoteTestNG.main(RemoteTestNG.java:77)
</pre></div><a href='#' onClick='toggleBox("stack-trace1617566660", this, "Click to show all stack frames", "Click to hide stack frames")'>Click to show all stack frames</a>
<div class='stack-trace' id='stack-trace1617566660'><pre>org.openqa.selenium.ElementClickInterceptedException: element click intercepted: Element &lt;svg class=&quot;jss415&quot; focusable=&quot;false&quot; viewBox=&quot;0 0 15.676 15.676&quot; aria-hidden=&quot;true&quot; role=&quot;presentation&quot; style=&quot;stroke: rgb(226, 226, 226); font-size: 18px;&quot;&gt;...&lt;/svg&gt; is not clickable at point (83, 217). Other element would receive the click: &lt;div class=&quot;jss986 jss984&quot; role=&quot;document&quot; tabindex=&quot;-1&quot; style=&quot;opacity: 1; transition: opacity 225ms cubic-bezier(0.4, 0, 0.2, 1) 0ms;&quot;&gt;...&lt;/div&gt;
  (Session info: chrome=114.0.5735.199)
Build info: version: &apos;4.7.2&apos;, revision: &apos;4d4020c3b7&apos;
System info: os.name: &apos;Windows 11&apos;, os.arch: &apos;amd64&apos;, os.version: &apos;10.0&apos;, java.version: &apos;17.0.5&apos;
Driver info: org.openqa.selenium.chrome.ChromeDriver
Command: [64e49367e6248f9d4c7711d06f8cf1d5, clickElement {id=37F39B67B69006F85CC7F09C8C78A357_element_99}]
Capabilities {acceptInsecureCerts: false, browserName: chrome, browserVersion: 114.0.5735.199, chrome: {chromedriverVersion: 114.0.5735.90 (386bc09e8f4f..., userDataDir: C:\Users\JYOTIS~1\AppData\L...}, goog:chromeOptions: {debuggerAddress: localhost:54333}, networkConnectionEnabled: false, pageLoadStrategy: normal, platformName: WINDOWS, proxy: Proxy(), se:cdp: ws://localhost:54333/devtoo..., se:cdpVersion: 114.0.5735.199, setWindowRect: true, strictFileInteractability: false, timeouts: {implicit: 0, pageLoad: 300000, script: 30000}, unhandledPromptBehavior: dismiss and notify, webauthn:extension:credBlob: true, webauthn:extension:largeBlob: true, webauthn:extension:minPinLength: true, webauthn:extension:prf: true, webauthn:virtualAuthenticators: true}
Element: [[ChromeDriver: chrome on WINDOWS (64e49367e6248f9d4c7711d06f8cf1d5)] -&gt; xpath: //div//h3[contains(.,&apos;Automation_Cheney_1&apos;)]/../..//a//button//span//*[local-name()=&apos;svg&apos; and @role=&apos;presentation&apos;]]
Session ID: 64e49367e6248f9d4c7711d06f8cf1d5
	at java.base/jdk.internal.reflect.NativeConstructorAccessorImpl.newInstance0(Native Method)
	at java.base/jdk.internal.reflect.NativeConstructorAccessorImpl.newInstance(NativeConstructorAccessorImpl.java:77)
	at java.base/jdk.internal.reflect.DelegatingConstructorAccessorImpl.newInstance(DelegatingConstructorAccessorImpl.java:45)
	at java.base/java.lang.reflect.Constructor.newInstanceWithCaller(Constructor.java:499)
	at java.base/java.lang.reflect.Constructor.newInstance(Constructor.java:480)
	at org.openqa.selenium.remote.codec.w3c.W3CHttpResponseCodec.createException(W3CHttpResponseCodec.java:200)
	at org.openqa.selenium.remote.codec.w3c.W3CHttpResponseCodec.decode(W3CHttpResponseCodec.java:133)
	at org.openqa.selenium.remote.codec.w3c.W3CHttpResponseCodec.decode(W3CHttpResponseCodec.java:53)
	at org.openqa.selenium.remote.HttpCommandExecutor.execute(HttpCommandExecutor.java:184)
	at org.openqa.selenium.remote.service.DriverCommandExecutor.invokeExecute(DriverCommandExecutor.java:167)
	at org.openqa.selenium.remote.service.DriverCommandExecutor.execute(DriverCommandExecutor.java:142)
	at org.openqa.selenium.remote.RemoteWebDriver.execute(RemoteWebDriver.java:535)
	at org.openqa.selenium.remote.RemoteWebElement.execute(RemoteWebElement.java:257)
	at org.openqa.selenium.remote.RemoteWebElement.click(RemoteWebElement.java:78)
	at com.diningedge.PageActions.DiningEdge.OrderEdgePage.clickOnComparabls(OrderEdgePage.java:231)
	at com.diningedge.Regression.E2E_Flow.addComparabls(E2E_Flow.java:141)
	at com.diningedge.Regression.E2E_Flow.Test01_BasicFlowLogin(E2E_Flow.java:98)
	at java.base/jdk.internal.reflect.NativeMethodAccessorImpl.invoke0(Native Method)
	at java.base/jdk.internal.reflect.NativeMethodAccessorImpl.invoke(NativeMethodAccessorImpl.java:77)
	at java.base/jdk.internal.reflect.DelegatingMethodAccessorImpl.invoke(DelegatingMethodAccessorImpl.java:43)
	at java.base/java.lang.reflect.Method.invoke(Method.java:568)
	at org.testng.internal.MethodInvocationHelper.invokeMethod(MethodInvocationHelper.java:133)
	at org.testng.internal.TestInvoker.invokeMethod(TestInvoker.java:598)
	at org.testng.internal.TestInvoker.invokeTestMethod(TestInvoker.java:173)
	at org.testng.internal.MethodRunner.runInSequence(MethodRunner.java:46)
	at org.testng.internal.TestInvoker$MethodInvocationAgent.invoke(TestInvoker.java:824)
	at org.testng.internal.TestInvoker.invokeTestMethods(TestInvoker.java:146)
	at org.testng.internal.TestMethodWorker.invokeTestMethods(TestMethodWorker.java:146)
	at org.testng.internal.TestMethodWorker.run(TestMethodWorker.java:128)
	at java.base/java.util.ArrayList.forEach(ArrayList.java:1511)
	at org.testng.TestRunner.privateRun(TestRunner.java:794)
	at org.testng.TestRunner.run(TestRunner.java:596)
	at org.testng.SuiteRunner.runTest(SuiteRunner.java:377)
	at org.testng.SuiteRunner.runSequentially(SuiteRunner.java:371)
	at org.testng.SuiteRunner.privateRun(SuiteRunner.java:332)
	at org.testng.SuiteRunner.run(SuiteRunner.java:276)
	at org.testng.SuiteRunnerWorker.runSuite(SuiteRunnerWorker.java:53)
	at org.testng.SuiteRunnerWorker.run(SuiteRunnerWorker.java:96)
	at org.testng.TestNG.runSuitesSequentially(TestNG.java:1212)
	at org.testng.TestNG.runSuitesLocally(TestNG.java:1134)
	at org.testng.TestNG.runSuites(TestNG.java:1063)
	at org.testng.TestNG.run(TestNG.java:1031)
	at org.testng.remote.AbstractRemoteTestNG.run(AbstractRemoteTestNG.java:115)
	at org.testng.remote.RemoteTestNG.initAndRun(RemoteTestNG.java:251)
	at org.testng.remote.RemoteTestNG.main(RemoteTestNG.java:77)
</pre></div></td>
<td>41</td>
<td>com.diningedge.Regression.E2E_Flow@663c9e7a</td></tr>
</table><p>
</body>
</html>