<!DOCTYPE html PUBLIC "-//W3C//DTD XHTML 1.1//EN" "https://www.w3.org/TR/xhtml11/DTD/xhtml11.dtd">
<html xmlns="https://www.w3.org/1999/xhtml">
<head>
<meta http-equiv="content-type" content="text/html; charset=UTF-8"/>
<title>TestNG Report</title>
<style type="text/css">table {margin-bottom:10px;border-collapse:collapse;empty-cells:show}th,td {border:1px solid #009;padding:.25em .5em}th {vertical-align:bottom}td {vertical-align:top}table a {font-weight:bold}.stripe td {background-color: #E6EBF9}.num {text-align:right}.passedodd td {background-color: #3F3}.passedeven td {background-color: #0A0}.skippedodd td {background-color: #DDD}.skippedeven td {background-color: #CCC}.failedodd td,.attn {background-color: #F33}.failedeven td,.stripe .attn {background-color: #D00}.stacktrace {white-space:pre;font-family:monospace}.totop {font-size:85%;text-align:center;border-bottom:2px solid #000}.invisible {display:none}</style>
</head>
<body>
<table>
<tr><th>Test</th><th># Passed</th><th># Skipped</th><th># Retried</th><th># Failed</th><th>Time (ms)</th><th>Included Groups</th><th>Excluded Groups</th></tr>
<tr><th colspan="8">Regression Testing Suite</th></tr>
<tr><td><a href="#t0">CreateProductFlow</a></td><td class="num">1</td><td class="num">0</td><td class="num">0</td><td class="num">0</td><td class="num">34,534</td><td></td><td></td></tr>
<tr class="stripe"><td><a href="#t1">SendOGTest</a></td><td class="num">1</td><td class="num">0</td><td class="num">0</td><td class="num">0</td><td class="num">74,475</td><td></td><td></td></tr>
<tr><td><a href="#t2">SendOrderFromOG</a></td><td class="num">1</td><td class="num">0</td><td class="num">0</td><td class="num">0</td><td class="num">62,034</td><td></td><td></td></tr>
<tr class="stripe"><td><a href="#t3">OrderEdgeProductFlow</a></td><td class="num">0</td><td class="num">0</td><td class="num">0</td><td class="num attn">1</td><td class="num">37,471</td><td></td><td></td></tr>
<tr><td><a href="#t4">NewVendorFlow</a></td><td class="num">0</td><td class="num">0</td><td class="num">0</td><td class="num attn">1</td><td class="num">42,100</td><td></td><td></td></tr>
<tr><th>Total</th><th class="num">3</th><th class="num">0</th><th class="num">0</th><th class="num attn">2</th><th class="num">250,614</th><th colspan="2"></th></tr>
</table>
<table id='summary'><thead><tr><th>Class</th><th>Method</th><th>Start</th><th>Time (ms)</th></tr></thead><tbody><tr><th colspan="4">Regression Testing Suite</th></tr></tbody><tbody id="t0"><tr><th colspan="4">CreateProductFlow &#8212; failed (configuration methods)</th></tr><tr class="failedeven"><td rowspan="1">com.diningedge.Regression.CreateProductFlow</td><td><a href="#m0">dataCleanUp</a></td><td rowspan="1">1676361699713</td><td rowspan="1">3</td></tr><tr><th colspan="4">CreateProductFlow &#8212; skipped (configuration methods)</th></tr><tr class="skippedeven"><td rowspan="1">com.diningedge.Regression.CreateProductFlow</td><td><a href="#m1">endReport</a></td><td rowspan="1">1676361699720</td><td rowspan="1">-1676361699720</td></tr><tr><th colspan="4">CreateProductFlow &#8212; passed</th></tr><tr class="passedeven"><td rowspan="1">com.diningedge.Regression.CreateProductFlow</td><td><a href="#m2">Test01_BasicFlowLogin</a></td><td rowspan="1">1676361679921</td><td rowspan="1">19606</td></tr></tbody>
<tbody id="t1"><tr><th colspan="4">SendOGTest &#8212; passed</th></tr><tr class="passedeven"><td rowspan="1">com.diningedge.Regression.SendOGTest</td><td><a href="#m3">sendOrderGuideFromOrderEdge</a></td><td rowspan="1">1676361725382</td><td rowspan="1">48348</td></tr></tbody>
<tbody id="t2"><tr><th colspan="4">SendOrderFromOG &#8212; passed</th></tr><tr class="passedeven"><td rowspan="1">com.diningedge.Regression.SendOrderFromOG</td><td><a href="#m4">sendOrderFromOG</a></td><td rowspan="1">1676361786691</td><td rowspan="1">49258</td></tr></tbody>
<tbody id="t3"><tr><th colspan="4">OrderEdgeProductFlow &#8212; failed (configuration methods)</th></tr><tr class="failedeven"><td rowspan="1">com.diningedge.Regression.OrderEdgeProductFlow</td><td><a href="#m5">dataCleanUp</a></td><td rowspan="1">1676361873731</td><td rowspan="1">1</td></tr><tr><th colspan="4">OrderEdgeProductFlow &#8212; failed</th></tr><tr class="failedeven"><td rowspan="1">com.diningedge.Regression.OrderEdgeProductFlow</td><td><a href="#m6">Test01_BasicFlowLogin</a></td><td rowspan="1">1676361848139</td><td rowspan="1">22523</td></tr><tr><th colspan="4">OrderEdgeProductFlow &#8212; skipped (configuration methods)</th></tr><tr class="skippedeven"><td rowspan="1">com.diningedge.Regression.OrderEdgeProductFlow</td><td><a href="#m7">endReport</a></td><td rowspan="1">1676361873734</td><td rowspan="1">-1676361873734</td></tr></tbody>
<tbody id="t4"><tr><th colspan="4">NewVendorFlow &#8212; failed</th></tr><tr class="failedeven"><td rowspan="1">com.diningedge.Regression.NewVendorFlow</td><td><a href="#m8">Test01_BasicFlowLogin</a></td><td rowspan="1">1676361887822</td><td rowspan="1">25165</td></tr></tbody>
</table>
<h2>CreateProductFlow</h2><h3 id="m0">com.diningedge.Regression.CreateProductFlow#dataCleanUp</h3><table class="result"><tr><th>Exception</th></tr><tr><td><div class="stacktrace">org.openqa.selenium.NoSuchSessionException: Session ID is null. Using WebDriver after calling quit()?
Build info: version: &apos;4.7.2&apos;, revision: &apos;4d4020c3b7&apos;
System info: os.name: &apos;Windows 11&apos;, os.arch: &apos;amd64&apos;, os.version: &apos;10.0&apos;, java.version: &apos;17.0.5&apos;
Driver info: org.openqa.selenium.chrome.ChromeDriver
Command: [null, findElement {using=xpath, value=//div//button[@title=&apos;Search&apos;]}]
Capabilities {acceptInsecureCerts: false, browserName: chrome, browserVersion: 110.0.5481.77, chrome: {chromedriverVersion: 110.0.5481.77 (65ed616c6e8e..., userDataDir: C:\Users\JYOTIS~1\AppData\L...}, goog:chromeOptions: {debuggerAddress: localhost:61173}, networkConnectionEnabled: false, pageLoadStrategy: normal, platformName: WINDOWS, proxy: Proxy(), se:cdp: ws://localhost:61173/devtoo..., se:cdpVersion: 110.0.5481.77, setWindowRect: true, strictFileInteractability: false, timeouts: {implicit: 0, pageLoad: 300000, script: 30000}, unhandledPromptBehavior: dismiss and notify, webauthn:extension:credBlob: true, webauthn:extension:largeBlob: true, webauthn:virtualAuthenticators: true}
	at org.openqa.selenium.remote.HttpCommandExecutor.execute(HttpCommandExecutor.java:145)
	at org.openqa.selenium.remote.service.DriverCommandExecutor.invokeExecute(DriverCommandExecutor.java:167)
	at org.openqa.selenium.remote.service.DriverCommandExecutor.execute(DriverCommandExecutor.java:142)
	at org.openqa.selenium.remote.RemoteWebDriver.execute(RemoteWebDriver.java:535)
	at org.openqa.selenium.remote.ElementLocation$ElementFinder$2.findElement(ElementLocation.java:162)
	at org.openqa.selenium.remote.ElementLocation.findElement(ElementLocation.java:60)
	at org.openqa.selenium.remote.RemoteWebDriver.findElement(RemoteWebDriver.java:351)
	at org.openqa.selenium.remote.RemoteWebDriver.findElement(RemoteWebDriver.java:343)
	at org.openqa.selenium.support.pagefactory.DefaultElementLocator.findElement(DefaultElementLocator.java:70)
	at org.openqa.selenium.support.pagefactory.internal.LocatingElementHandler.invoke(LocatingElementHandler.java:39)
	at jdk.proxy2/jdk.proxy2.$Proxy21.isDisplayed(Unknown Source)
	at org.openqa.selenium.support.ui.ExpectedConditions.elementIfVisible(ExpectedConditions.java:307)
	at org.openqa.selenium.support.ui.ExpectedConditions.access$000(ExpectedConditions.java:40)
	at org.openqa.selenium.support.ui.ExpectedConditions$10.apply(ExpectedConditions.java:293)
	at org.openqa.selenium.support.ui.ExpectedConditions$10.apply(ExpectedConditions.java:290)
	at org.openqa.selenium.support.ui.ExpectedConditions$23.apply(ExpectedConditions.java:660)
	at org.openqa.selenium.support.ui.ExpectedConditions$23.apply(ExpectedConditions.java:656)
	at org.openqa.selenium.support.ui.FluentWait.until(FluentWait.java:208)
	at com.diningedge.PageActions.DiningEdge.ManageItemsPage.waitForElementToClickable(ManageItemsPage.java:31)
	at com.diningedge.PageActions.DiningEdge.ManageItemsPage.clickOnTheSearchIconEndEnterValue(ManageItemsPage.java:82)
	at com.diningedge.Regression.CreateProductFlow.ManangeProducts(CreateProductFlow.java:67)
	at com.diningedge.Regression.CreateProductFlow.dataCleanUp(CreateProductFlow.java:73)
	at java.base/java.util.ArrayList.forEach(ArrayList.java:1511)
... Removed 25 stack frames</div></td></tr></table><p class="totop"><a href="#summary">back to summary</a></p>
<h3 id="m1">com.diningedge.Regression.CreateProductFlow#endReport</h3><table class="result"><tr><th class="invisible"/></tr></table><p class="totop"><a href="#summary">back to summary</a></p>
<h3 id="m2">com.diningedge.Regression.CreateProductFlow#Test01_BasicFlowLogin</h3><table class="result"><tr><th>Messages</th></tr><tr><td><div class="messages">[2023-02-14] [13:31:20:105] User enters Name = testauto<br/>[2023-02-14] [13:31:20:202] User enters Password =123456<br/>[2023-02-14] [13:31:20:286] User clicks on the Login Button !!!<br/>[2023-02-14] [13:31:23:510] Assertion Passed: DiningEdge is present on the HomePage<br/>[2023-02-14] [13:31:23:562] Assertion Passed: Dashboard is present on the HomePage<br/>[2023-02-14] [13:31:23:917] User clicks on Order Edge Button !!<br/>[2023-02-14] [13:31:24:022] User clicks on select Location dropDown !!<br/>[2023-02-14] [13:31:24:102] User clicks on select Location loc10 from dropDown !!<br/>[2023-02-14] [13:31:24:430] User selects the Manage Items From the list<br/>[2023-02-14] [13:31:24:643] User selects the Products List From the list<br/>[2023-02-14] [13:31:26:629] User clicks on the Add Product icon<br/>[2023-02-14] [13:31:26:690] Assertion Passed: Create product is present on the popup<br/>[2023-02-14] [13:31:26:863] Assertion Passed: Create product is present on the popup<br/>[2023-02-14] [13:31:27:401] User enters the value Automation Product 1 in Name<br/>[2023-02-14] [13:31:27:443] Assertion Passed: Create product is present on the popup<br/>[2023-02-14] [13:31:27:545] User enters the value 1 in Size<br/>[2023-02-14] [13:31:27:648] User enters the value Unit * Dropdown !!<br/>[2023-02-14] [13:31:30:781] User selects the value KG From the Dropdown !!<br/>[2023-02-14] [13:31:31:253] User enters the value Primary Category * Dropdown !!<br/>[2023-02-14] [13:31:34:368] User selects the value PFG From the Dropdown !!<br/>[2023-02-14] [13:31:34:784] User enters the value Storage Dropdown !!<br/>[2023-02-14] [13:31:37:909] User selects the value Solid From the Dropdown !!<br/>[2023-02-14] [13:31:38:265] User click on the Save button<br/>[2023-02-14] [13:31:39:527] User clicks on the Snack Bar cross button !!</div></td></tr></table><p class="totop"><a href="#summary">back to summary</a></p>
<h2>SendOGTest</h2><h3 id="m3">com.diningedge.Regression.SendOGTest#sendOrderGuideFromOrderEdge</h3><table class="result"><tr class="param"><th>Parameter #1</th><th>Parameter #2</th><th>Parameter #3</th></tr><tr class="param stripe"><td>Cheney</td><td>Automation Cheney</td><td>Cheney Testing</td></tr><tr><th colspan="3">Messages</th></tr><tr><td colspan="3"><div class="messages">[2023-02-14] [13:32:05:559] User enters Name = testauto<br/>[2023-02-14] [13:32:05:656] User enters Password =123456<br/>[2023-02-14] [13:32:05:728] User clicks on the Login Button !!!<br/>[2023-02-14] [13:32:09:997] Assertion Passed: DiningEdge is present on the HomePage<br/>[2023-02-14] [13:32:10:037] Assertion Passed: Dashboard is present on the HomePage<br/>[2023-02-14] [13:32:10:409] User clicks on Order Edge Button !!<br/>[2023-02-14] [13:32:10:518] User clicks on select Location dropDown !!<br/>[2023-02-14] [13:32:10:598] User clicks on select Location loc10 from dropDown !!<br/>[2023-02-14] [13:32:10:876] User clicks on Order Edge Button !!<br/>[2023-02-14] [13:32:13:396] User added number of units = 2<br/>[2023-02-14] [13:32:16:997] User clicks on the Add Cart Button !!<br/>[2023-02-14] [13:32:19:171] User clicks on the Checkout Button !!<br/>[2023-02-14] [13:32:20:531] User clicks on the Submit All Button !!<br/>[2023-02-14] [13:32:23:184] User clicks on the Snack Bar cross button !!<br/>[2023-02-14] [13:32:24:158] Connecting to gmail...<br/>[2023-02-14] [13:32:26:912] Connected to - imaps://diningedgetest%40gmail.com@imap.gmail.com<br/>[2023-02-14] [13:32:37:365] Connecting to gmail...<br/>[2023-02-14] [13:32:39:821] Connected to - imaps://diningedgetest%40gmail.com@imap.gmail.com<br/>[2023-02-14] [13:32:40:650] Subject is :-New order : test automation (loc10)<br/>[2023-02-14] [13:32:40:653] Connecting to gmail...<br/>[2023-02-14] [13:32:43:139] Connected to - imaps://diningedgetest%40gmail.com@imap.gmail.com<br/>[2023-02-14] [13:32:43:927] Subject is :-New order : test automation (loc10)<br/>[2023-02-14] [13:32:43:929] Connecting to gmail...<br/>[2023-02-14] [13:32:46:403] Connected to - imaps://diningedgetest%40gmail.com@imap.gmail.com<br/>[2023-02-14] [13:32:47:188] Subject is :-New order : test automation (loc10)<br/>[2023-02-14] [13:32:48:742] orderId #: 584<br/>[2023-02-14] [13:32:48:745] Order Date : 02/14/2023<br/>[2023-02-14] [13:32:48:748] Resturant Name : test automation<br/>[2023-02-14] [13:32:48:749] Total Order Amount : $4.00<br/>[2023-02-14] [13:32:49:725] New order : test automation (loc10) :: email deleted successfully !!<br/>[2023-02-14] [13:32:49:728] Connecting to gmail...<br/>[2023-02-14] [13:32:52:178] Connected to - imaps://diningedgetest%40gmail.com@imap.gmail.com<br/>[2023-02-14] [13:32:52:958] Moved email in successfully Done!!</div></td></tr></table><p class="totop"><a href="#summary">back to summary</a></p>
<h2>SendOrderFromOG</h2><h3 id="m4">com.diningedge.Regression.SendOrderFromOG#sendOrderFromOG</h3><table class="result"><tr><th>Messages</th></tr><tr><td><div class="messages">[2023-02-14] [13:33:06:841] User enters Name = testauto<br/>[2023-02-14] [13:33:06:943] User enters Password =123456<br/>[2023-02-14] [13:33:07:011] User clicks on the Login Button !!!<br/>[2023-02-14] [13:33:10:271] Assertion Passed: DiningEdge is present on the HomePage<br/>[2023-02-14] [13:33:10:315] Assertion Passed: Dashboard is present on the HomePage<br/>[2023-02-14] [13:33:10:794] User clicks on Order from OG Button !!<br/>[2023-02-14] [13:33:10:927] User clicks on the Search Icon on Product List Page<br/>[2023-02-14] [13:33:11:076] User enters the Sysco Testing To be searched<br/>[2023-02-14] [13:33:13:329] User clicks on the Update pack pancil button !!<br/>[2023-02-14] [13:33:13:541] USer enters the value 1 for Pack<br/>[2023-02-14] [13:33:13:706] USer enters the value 1 for Size<br/>[2023-02-14] [13:33:13:807] User click on the Save button<br/>[2023-02-14] [13:33:15:799] User clicks on the Snack Bar cross button !!<br/>[2023-02-14] [13:33:15:856] User clicks on the Update price pancil button !!<br/>[2023-02-14] [13:33:16:022] USer enters the value 1 for Price<br/>[2023-02-14] [13:33:16:114] User click on the Save button<br/>[2023-02-14] [13:33:16:130] User clicks on the Update price pancil button !!<br/>[2023-02-14] [13:33:16:978] User clicks on the Snack Bar cross button !!<br/>[2023-02-14] [13:33:17:140] USer enters the value 1 for Sysco Testing<br/>[2023-02-14] [13:33:21:117] User clicks on the Add Cart Button !!<br/>[2023-02-14] [13:33:23:248] User clicks on the Checkout Button !!<br/>[2023-02-14] [13:33:24:526] User clicks on the Submit All Button !!<br/>[2023-02-14] [13:33:26:852] User clicks on the Snack Bar cross button !!<br/>[2023-02-14] [13:33:27:602] Connecting to gmail...<br/>[2023-02-14] [13:33:30:075] Connected to - imaps://diningedgetest%40gmail.com@imap.gmail.com<br/>[2023-02-14] [13:33:40:481] Connecting to gmail...<br/>[2023-02-14] [13:33:42:411] Connected to - imaps://diningedgetest%40gmail.com@imap.gmail.com<br/>[2023-02-14] [13:33:43:202] Subject is :-New order : test automation (loc10)<br/>[2023-02-14] [13:33:43:204] Connecting to gmail...<br/>[2023-02-14] [13:33:45:683] Connected to - imaps://diningedgetest%40gmail.com@imap.gmail.com<br/>[2023-02-14] [13:33:46:479] Subject is :-New order : test automation (loc10)<br/>[2023-02-14] [13:33:46:482] Connecting to gmail...<br/>[2023-02-14] [13:33:48:959] Connected to - imaps://diningedgetest%40gmail.com@imap.gmail.com<br/>[2023-02-14] [13:33:49:748] Subject is :-New order : test automation (loc10)<br/>[2023-02-14] [13:33:51:250] orderId #: 586<br/>[2023-02-14] [13:33:51:251] Order Date : 02/14/2023<br/>[2023-02-14] [13:33:51:254] Resturant Name : test automation<br/>[2023-02-14] [13:33:51:255] Total Order Amount : $1.00<br/>[2023-02-14] [13:33:51:950] New order : test automation (loc10) :: email deleted successfully !!<br/>[2023-02-14] [13:33:51:953] Connecting to gmail...<br/>[2023-02-14] [13:33:54:385] Connected to - imaps://diningedgetest%40gmail.com@imap.gmail.com<br/>[2023-02-14] [13:33:55:174] Moved email in successfully Done!!</div></td></tr></table><p class="totop"><a href="#summary">back to summary</a></p>
<h2>OrderEdgeProductFlow</h2><h3 id="m5">com.diningedge.Regression.OrderEdgeProductFlow#dataCleanUp</h3><table class="result"><tr><th>Exception</th></tr><tr><td><div class="stacktrace">org.openqa.selenium.NoSuchSessionException: Session ID is null. Using WebDriver after calling quit()?
Build info: version: &apos;4.7.2&apos;, revision: &apos;4d4020c3b7&apos;
System info: os.name: &apos;Windows 11&apos;, os.arch: &apos;amd64&apos;, os.version: &apos;10.0&apos;, java.version: &apos;17.0.5&apos;
Driver info: org.openqa.selenium.chrome.ChromeDriver
Command: [null, findElement {using=xpath, value=//div//span[text()=&apos;Manage Items&apos;]}]
Capabilities {acceptInsecureCerts: false, browserName: chrome, browserVersion: 110.0.5481.77, chrome: {chromedriverVersion: 110.0.5481.77 (65ed616c6e8e..., userDataDir: C:\Users\JYOTIS~1\AppData\L...}, goog:chromeOptions: {debuggerAddress: localhost:61346}, networkConnectionEnabled: false, pageLoadStrategy: normal, platformName: WINDOWS, proxy: Proxy(), se:cdp: ws://localhost:61346/devtoo..., se:cdpVersion: 110.0.5481.77, setWindowRect: true, strictFileInteractability: false, timeouts: {implicit: 0, pageLoad: 300000, script: 30000}, unhandledPromptBehavior: dismiss and notify, webauthn:extension:credBlob: true, webauthn:extension:largeBlob: true, webauthn:virtualAuthenticators: true}
	at org.openqa.selenium.remote.HttpCommandExecutor.execute(HttpCommandExecutor.java:145)
	at org.openqa.selenium.remote.service.DriverCommandExecutor.invokeExecute(DriverCommandExecutor.java:167)
	at org.openqa.selenium.remote.service.DriverCommandExecutor.execute(DriverCommandExecutor.java:142)
	at org.openqa.selenium.remote.RemoteWebDriver.execute(RemoteWebDriver.java:535)
	at org.openqa.selenium.remote.ElementLocation$ElementFinder$2.findElement(ElementLocation.java:162)
	at org.openqa.selenium.remote.ElementLocation.findElement(ElementLocation.java:60)
	at org.openqa.selenium.remote.RemoteWebDriver.findElement(RemoteWebDriver.java:351)
	at org.openqa.selenium.remote.RemoteWebDriver.findElement(RemoteWebDriver.java:343)
	at com.diningedge.PageActions.DiningEdge.ManageItemsPage.dynamicElements(ManageItemsPage.java:66)
	at com.diningedge.PageActions.DiningEdge.ManageItemsPage.selectItemTypeFromList(ManageItemsPage.java:76)
	at com.diningedge.Regression.OrderEdgeProductFlow.ManangeProducts(OrderEdgeProductFlow.java:74)
	at com.diningedge.Regression.OrderEdgeProductFlow.dataCleanUp(OrderEdgeProductFlow.java:82)
	at java.base/java.util.ArrayList.forEach(ArrayList.java:1511)
... Removed 25 stack frames</div></td></tr></table><p class="totop"><a href="#summary">back to summary</a></p>
<h3 id="m6">com.diningedge.Regression.OrderEdgeProductFlow#Test01_BasicFlowLogin</h3><table class="result"><tr><th>Messages</th></tr><tr><td><div class="messages">[2023-02-14] [13:34:08:296] User enters Name = testauto<br/>[2023-02-14] [13:34:08:388] User enters Password =123456<br/>[2023-02-14] [13:34:08:456] User clicks on the Login Button !!!<br/>[2023-02-14] [13:34:12:407] Assertion Passed: DiningEdge is present on the HomePage<br/>[2023-02-14] [13:34:12:452] Assertion Passed: Dashboard is present on the HomePage<br/>[2023-02-14] [13:34:12:802] User clicks on Order Edge Button !!<br/>[2023-02-14] [13:34:12:901] User clicks on select Location dropDown !!<br/>[2023-02-14] [13:34:12:983] User clicks on select Location loc10 from dropDown !!<br/>[2023-02-14] [13:34:15:761] User clicks on the add Product Button !!<br/>[2023-02-14] [13:34:15:808] Assertion Passed: Create product is present on the popup<br/>[2023-02-14] [13:34:15:836] Assertion Passed: Create product is present on the popup<br/>[2023-02-14] [13:34:16:398] User enters the value Automation Product 2 in Name<br/>[2023-02-14] [13:34:16:484] Assertion Passed: Create product is present on the popup<br/>[2023-02-14] [13:34:16:593] User enters the value 1 in Size<br/>[2023-02-14] [13:34:16:702] User enters the value Unit * Dropdown !!<br/>[2023-02-14] [13:34:19:834] User selects the value LB From the Dropdown !!<br/>[2023-02-14] [13:34:20:285] User enters the value Primary Category * Dropdown !!<br/>[2023-02-14] [13:34:23:397] User selects the value Cheney From the Dropdown !!<br/>[2023-02-14] [13:34:23:796] User enters the value Storage Dropdown !!<br/>[2023-02-14] [13:34:26:908] User selects the value FREEZE From the Dropdown !!<br/>[2023-02-14] [13:34:27:275] User click on the Save button<br/>[2023-02-14] [13:34:29:525] User clicks on the Snack Bar cross button !!</div></td></tr><tr><th>Exception</th></tr><tr><td><div class="stacktrace">org.openqa.selenium.ElementClickInterceptedException: element click intercepted: Element &lt;svg class=&quot;jss415&quot; focusable=&quot;false&quot; viewBox=&quot;0 0 15.676 15.676&quot; aria-hidden=&quot;true&quot; role=&quot;presentation&quot; style=&quot;stroke: rgb(226, 226, 226); font-size: 18px;&quot;&gt;...&lt;/svg&gt; is not clickable at point (83, 614). Other element would receive the click: &lt;div class=&quot;jss700 jss698&quot; role=&quot;document&quot; tabindex=&quot;-1&quot; style=&quot;opacity: 1; transition: opacity 225ms cubic-bezier(0.4, 0, 0.2, 1) 0ms;&quot;&gt;...&lt;/div&gt;
  (Session info: chrome=110.0.5481.77)
Build info: version: &apos;4.7.2&apos;, revision: &apos;4d4020c3b7&apos;
System info: os.name: &apos;Windows 11&apos;, os.arch: &apos;amd64&apos;, os.version: &apos;10.0&apos;, java.version: &apos;17.0.5&apos;
Driver info: org.openqa.selenium.chrome.ChromeDriver
Command: [92dc179c99f92d91139b1c6047e6e52a, clickElement {id=b1fbb000-2775-496e-ad0e-f604cbfa28a8}]
Capabilities {acceptInsecureCerts: false, browserName: chrome, browserVersion: 110.0.5481.77, chrome: {chromedriverVersion: 110.0.5481.77 (65ed616c6e8e..., userDataDir: C:\Users\JYOTIS~1\AppData\L...}, goog:chromeOptions: {debuggerAddress: localhost:61346}, networkConnectionEnabled: false, pageLoadStrategy: normal, platformName: WINDOWS, proxy: Proxy(), se:cdp: ws://localhost:61346/devtoo..., se:cdpVersion: 110.0.5481.77, setWindowRect: true, strictFileInteractability: false, timeouts: {implicit: 0, pageLoad: 300000, script: 30000}, unhandledPromptBehavior: dismiss and notify, webauthn:extension:credBlob: true, webauthn:extension:largeBlob: true, webauthn:virtualAuthenticators: true}
Element: [[ChromeDriver: chrome on WINDOWS (92dc179c99f92d91139b1c6047e6e52a)] -&gt; xpath: //div//h3[contains(.,&apos;Automation Product 2&apos;)]/../..//a//button//span//*[local-name()=&apos;svg&apos; and @role=&apos;presentation&apos;]]
Session ID: 92dc179c99f92d91139b1c6047e6e52a
	at org.openqa.selenium.remote.codec.w3c.W3CHttpResponseCodec.createException(W3CHttpResponseCodec.java:200)
	at org.openqa.selenium.remote.codec.w3c.W3CHttpResponseCodec.decode(W3CHttpResponseCodec.java:133)
	at org.openqa.selenium.remote.codec.w3c.W3CHttpResponseCodec.decode(W3CHttpResponseCodec.java:53)
	at org.openqa.selenium.remote.HttpCommandExecutor.execute(HttpCommandExecutor.java:184)
	at org.openqa.selenium.remote.service.DriverCommandExecutor.invokeExecute(DriverCommandExecutor.java:167)
	at org.openqa.selenium.remote.service.DriverCommandExecutor.execute(DriverCommandExecutor.java:142)
	at org.openqa.selenium.remote.RemoteWebDriver.execute(RemoteWebDriver.java:535)
	at org.openqa.selenium.remote.RemoteWebElement.execute(RemoteWebElement.java:257)
	at org.openqa.selenium.remote.RemoteWebElement.click(RemoteWebElement.java:78)
	at com.diningedge.PageActions.DiningEdge.OrderEdgePage.clickOnComparabls(OrderEdgePage.java:215)
	at com.diningedge.Regression.OrderEdgeProductFlow.addComparabls(OrderEdgeProductFlow.java:65)
	at com.diningedge.Regression.OrderEdgeProductFlow.Test01_BasicFlowLogin(OrderEdgeProductFlow.java:49)
	at java.base/java.util.ArrayList.forEach(ArrayList.java:1511)
... Removed 32 stack frames</div></td></tr></table><p class="totop"><a href="#summary">back to summary</a></p>
<h3 id="m7">com.diningedge.Regression.OrderEdgeProductFlow#endReport</h3><table class="result"><tr><th class="invisible"/></tr></table><p class="totop"><a href="#summary">back to summary</a></p>
<h2>NewVendorFlow</h2><h3 id="m8">com.diningedge.Regression.NewVendorFlow#Test01_BasicFlowLogin</h3><table class="result"><tr><th>Messages</th></tr><tr><td><div class="messages">[2023-02-14] [13:34:47:986] User enters Name = testauto<br/>[2023-02-14] [13:34:48:087] User enters Password =123456<br/>[2023-02-14] [13:34:48:208] User clicks on the Login Button !!!<br/>[2023-02-14] [13:34:51:884] Assertion Passed: DiningEdge is present on the HomePage<br/>[2023-02-14] [13:34:51:924] Assertion Passed: Dashboard is present on the HomePage<br/>[2023-02-14] [13:34:52:404] User clicks on Order from OG Button !!<br/>[2023-02-14] [13:34:52:676] User clicks on the new vedor item button !!<br/>[2023-02-14] [13:34:53:272] User enters the name of vendor = Automation Product 1<br/>[2023-02-14] [13:34:53:830] User enters the vendorId = Automation Product 1<br/>[2023-02-14] [13:34:54:250] User enters the other details = 2<br/>[2023-02-14] [13:34:54:334] User clicks on the Unit * dropDown<br/>[2023-02-14] [13:34:57:464] User select the unit Type :: CUP<br/>[2023-02-14] [13:35:03:523] User clicks on the Vendor dropDown<br/>[2023-02-14] [13:35:06:646] User select the vendor :: Sysco<br/>[2023-02-14] [13:35:07:150] User click on the Save button<br/>[2023-02-14] [13:35:08:833] User clicks on the Snack Bar cross button !!</div></td></tr><tr><th>Exception</th></tr><tr><td><div class="stacktrace">org.openqa.selenium.ElementClickInterceptedException: element click intercepted: Element &lt;input aria-invalid=&quot;false&quot; autocomplete=&quot;off&quot; class=&quot;jss598 jss583&quot; id=&quot;integration-downshift-simple&quot; placeholder=&quot;Enter 3 or more characters&quot; type=&quot;text&quot; tabindex=&quot;0&quot; value=&quot;Automation Cheney&quot;&gt; is not clickable at point (1360, 196). Other element would receive the click: &lt;div class=&quot;jss700 jss699&quot; role=&quot;document&quot; tabindex=&quot;-1&quot; style=&quot;opacity: 1; transition: opacity 225ms cubic-bezier(0.4, 0, 0.2, 1) 0ms;&quot;&gt;...&lt;/div&gt;
  (Session info: chrome=110.0.5481.77)
Build info: version: &apos;4.7.2&apos;, revision: &apos;4d4020c3b7&apos;
System info: os.name: &apos;Windows 11&apos;, os.arch: &apos;amd64&apos;, os.version: &apos;10.0&apos;, java.version: &apos;17.0.5&apos;
Driver info: org.openqa.selenium.chrome.ChromeDriver
Command: [85d25e82e6cd9c18c1d1e4c7f7cfc921, clickElement {id=1cc23cae-8535-4eb7-8017-8e0cbc68db5b}]
Capabilities {acceptInsecureCerts: false, browserName: chrome, browserVersion: 110.0.5481.77, chrome: {chromedriverVersion: 110.0.5481.77 (65ed616c6e8e..., userDataDir: C:\Users\JYOTIS~1\AppData\L...}, goog:chromeOptions: {debuggerAddress: localhost:61387}, networkConnectionEnabled: false, pageLoadStrategy: normal, platformName: WINDOWS, proxy: Proxy(), se:cdp: ws://localhost:61387/devtoo..., se:cdpVersion: 110.0.5481.77, setWindowRect: true, strictFileInteractability: false, timeouts: {implicit: 0, pageLoad: 300000, script: 30000}, unhandledPromptBehavior: dismiss and notify, webauthn:extension:credBlob: true, webauthn:extension:largeBlob: true, webauthn:virtualAuthenticators: true}
Element: [[ChromeDriver: chrome on WINDOWS (85d25e82e6cd9c18c1d1e4c7f7cfc921)] -&gt; xpath: //div//input[@id=&apos;integration-downshift-simple&apos;]]
Session ID: 85d25e82e6cd9c18c1d1e4c7f7cfc921
	at org.openqa.selenium.remote.codec.w3c.W3CHttpResponseCodec.createException(W3CHttpResponseCodec.java:200)
	at org.openqa.selenium.remote.codec.w3c.W3CHttpResponseCodec.decode(W3CHttpResponseCodec.java:133)
	at org.openqa.selenium.remote.codec.w3c.W3CHttpResponseCodec.decode(W3CHttpResponseCodec.java:53)
	at org.openqa.selenium.remote.HttpCommandExecutor.execute(HttpCommandExecutor.java:184)
	at org.openqa.selenium.remote.service.DriverCommandExecutor.invokeExecute(DriverCommandExecutor.java:167)
	at org.openqa.selenium.remote.service.DriverCommandExecutor.execute(DriverCommandExecutor.java:142)
	at org.openqa.selenium.remote.RemoteWebDriver.execute(RemoteWebDriver.java:535)
	at org.openqa.selenium.remote.RemoteWebElement.execute(RemoteWebElement.java:257)
	at org.openqa.selenium.remote.RemoteWebElement.click(RemoteWebElement.java:78)
	at org.openqa.selenium.support.pagefactory.internal.LocatingElementHandler.invoke(LocatingElementHandler.java:52)
	at jdk.proxy2/jdk.proxy2.$Proxy21.click(Unknown Source)
	at com.diningedge.PageActions.DiningEdge.Order_OGPage.enterVendorToAssign(Order_OGPage.java:155)
	at com.diningedge.Regression.NewVendorFlow.createNewVendorItem(NewVendorFlow.java:61)
	at com.diningedge.Regression.NewVendorFlow.Test01_BasicFlowLogin(NewVendorFlow.java:50)
	at java.base/java.util.ArrayList.forEach(ArrayList.java:1511)
... Removed 35 stack frames</div></td></tr></table><p class="totop"><a href="#summary">back to summary</a></p>
</body>
</html>
