<?xml version="1.0" encoding="UTF-8"?>
<testng-results ignored="0" total="1" passed="0" failed="1" skipped="0">
  <reporter-output>
    <line>
      <![CDATA[ ]]>
    </line>
    <line>
      <![CDATA[***** STARTING TEST STEP:- Test01_BasicFlowLogin *****]]>
    </line>
    <line>
      <![CDATA[ ]]>
    </line>
    <line>
      <![CDATA[[2023-04-16] [21:55:55:381] User enters Name = testauto123]]>
    </line>
    <line>
      <![CDATA[[2023-04-16] [21:55:55:494] User enters Password =12345678]]>
    </line>
    <line>
      <![CDATA[[2023-04-16] [21:55:55:559] User clicks on the Login Button !!!]]>
    </line>
    <line>
      <![CDATA[[2023-04-16] [21:56:00:488] Assertion Passed: DiningEdge is present on the HomePage]]>
    </line>
    <line>
      <![CDATA[[2023-04-16] [21:56:00:537] Assertion Passed: Dashboard is present on the HomePage]]>
    </line>
    <line>
      <![CDATA[[2023-04-16] [21:56:00:886] User clicks on Order Edge Button !!]]>
    </line>
    <line>
      <![CDATA[[2023-04-16] [21:56:00:989] User clicks on select Location dropDown !!]]>
    </line>
    <line>
      <![CDATA[[2023-04-16] [21:56:01:077] User clicks on select Location loc10 from dropDown !!]]>
    </line>
    <line>
      <![CDATA[[2023-04-16] [21:56:01:457] User clicks on Purchases Button !!]]>
    </line>
    <line>
      <![CDATA[[2023-04-16] [21:56:01:633] User clicks on the create purchase icon !!]]>
    </line>
    <line>
      <![CDATA[Save Image File Path : C:\Users\Jyoti Singh\Desktop\DiningEdgeByM\DiningEdge\./target/screenshots/\CreatePurchaseTest\2023_04_16_09_56_11_5611\screenshot.png]]>
    </line>
    <line>
      <![CDATA[Save Image File Path : C:\Users\Jyoti Singh\Desktop\DiningEdgeByM\DiningEdge\./target/screenshots/\CreatePurchaseTest\2023_04_16_09_56_13_5613\screenshot.png]]>
    </line>
    <line>
      <![CDATA[[2023-04-16] [21:56:14:883] Connecting to the Gmail ...]]>
    </line>
    <line>
      <![CDATA[[2023-04-16] [21:56:14:934] Attached file - Sysco]]>
    </line>
    <line>
      <![CDATA[[2023-04-16] [21:56:14:934] Attached file - loc10]]>
    </line>
    <line>
      <![CDATA[[2023-04-16] [21:56:14:935] Attached file - C:\Users\Jyoti Singh\Desktop\DiningEdgeByM\DiningEdge\./target/screenshots/\CreatePurchaseTest\2023_04_16_09_56_13_5613\screenshot.png]]>
    </line>
    <line>
      <![CDATA[[2023-04-16] [21:56:50:654] Message send success]]>
    </line>
  </reporter-output>
  <suite started-at="2023-04-16T21:55:17 IST" name="Default suite" finished-at="2023-04-16T21:56:14 IST" duration-ms="57751">
    <groups>
    </groups>
    <test started-at="2023-04-16T21:55:17 IST" name="Default test" finished-at="2023-04-16T21:56:14 IST" duration-ms="57751">
      <class name="com.diningedge.Regression.CreatePurchaseTest">
        <test-method is-config="true" signature="setExtent()[pri:0, instance:com.diningedge.Regression.CreatePurchaseTest@2a7f1f10]" started-at="2023-04-16T21:55:17 IST" name="setExtent" finished-at="2023-04-16T21:55:17 IST" duration-ms="166" status="PASS">
          <reporter-output>
          </reporter-output>
        </test-method> <!-- setExtent -->
        <test-method is-config="true" signature="testMethodName(java.lang.reflect.Method)[pri:0, instance:com.diningedge.Regression.CreatePurchaseTest@2a7f1f10]" started-at="2023-04-16T21:55:17 IST" name="testMethodName" finished-at="2023-04-16T21:55:17 IST" duration-ms="2" status="PASS">
          <params>
            <param index="0">
              <value>
                <![CDATA[public void com.diningedge.Regression.CreatePurchaseTest.Test01_BasicFlowLogin()]]>
              </value>
            </param>
          </params>
          <reporter-output>
            <line>
              <![CDATA[ ]]>
            </line>
            <line>
              <![CDATA[***** STARTING TEST STEP:- Test01_BasicFlowLogin *****]]>
            </line>
            <line>
              <![CDATA[ ]]>
            </line>
          </reporter-output>
        </test-method> <!-- testMethodName -->
        <test-method is-config="true" signature="setup()[pri:0, instance:com.diningedge.Regression.CreatePurchaseTest@2a7f1f10]" started-at="2023-04-16T21:55:17 IST" name="setup" finished-at="2023-04-16T21:55:55 IST" duration-ms="37927" status="PASS">
          <reporter-output>
          </reporter-output>
        </test-method> <!-- setup -->
        <test-method signature="Test01_BasicFlowLogin()[pri:0, instance:com.diningedge.Regression.CreatePurchaseTest@2a7f1f10]" started-at="2023-04-16T21:55:55 IST" name="Test01_BasicFlowLogin" finished-at="2023-04-16T21:56:11 IST" duration-ms="16517" status="FAIL">
          <exception class="org.openqa.selenium.NoSuchElementException">
            <message>
              <![CDATA[no such element: Unable to locate element: {"method":"css selector","selector":"#select\-locationVendor"}
  (Session info: chrome=111.0.5563.149)
For documentation on this error, please visit: https://selenium.dev/exceptions/#no_such_element
Build info: version: '4.7.2', revision: '4d4020c3b7'
System info: os.name: 'Windows 11', os.arch: 'amd64', os.version: '10.0', java.version: '17.0.5'
Driver info: org.openqa.selenium.chrome.ChromeDriver
Command: [c6e8cf560967d6b6800d52037aabc36e, findElement {using=id, value=select-locationVendor}]
Capabilities {acceptInsecureCerts: false, browserName: chrome, browserVersion: 111.0.5563.149, chrome: {chromedriverVersion: 111.0.5563.64 (c710e93d5b63..., userDataDir: C:\Users\JYOTIS~1\AppData\L...}, goog:chromeOptions: {debuggerAddress: localhost:52212}, networkConnectionEnabled: false, pageLoadStrategy: normal, platformName: WINDOWS, proxy: Proxy(), se:cdp: ws://localhost:52212/devtoo..., se:cdpVersion: 111.0.5563.149, setWindowRect: true, strictFileInteractability: false, timeouts: {implicit: 0, pageLoad: 300000, script: 30000}, unhandledPromptBehavior: dismiss and notify, webauthn:extension:credBlob: true, webauthn:extension:largeBlob: true, webauthn:extension:minPinLength: true, webauthn:extension:prf: true, webauthn:virtualAuthenticators: true}
Session ID: c6e8cf560967d6b6800d52037aabc36e]]>
            </message>
            <full-stacktrace>
              <![CDATA[org.openqa.selenium.NoSuchElementException: no such element: Unable to locate element: {"method":"css selector","selector":"#select\-locationVendor"}
  (Session info: chrome=111.0.5563.149)
For documentation on this error, please visit: https://selenium.dev/exceptions/#no_such_element
Build info: version: '4.7.2', revision: '4d4020c3b7'
System info: os.name: 'Windows 11', os.arch: 'amd64', os.version: '10.0', java.version: '17.0.5'
Driver info: org.openqa.selenium.chrome.ChromeDriver
Command: [c6e8cf560967d6b6800d52037aabc36e, findElement {using=id, value=select-locationVendor}]
Capabilities {acceptInsecureCerts: false, browserName: chrome, browserVersion: 111.0.5563.149, chrome: {chromedriverVersion: 111.0.5563.64 (c710e93d5b63..., userDataDir: C:\Users\JYOTIS~1\AppData\L...}, goog:chromeOptions: {debuggerAddress: localhost:52212}, networkConnectionEnabled: false, pageLoadStrategy: normal, platformName: WINDOWS, proxy: Proxy(), se:cdp: ws://localhost:52212/devtoo..., se:cdpVersion: 111.0.5563.149, setWindowRect: true, strictFileInteractability: false, timeouts: {implicit: 0, pageLoad: 300000, script: 30000}, unhandledPromptBehavior: dismiss and notify, webauthn:extension:credBlob: true, webauthn:extension:largeBlob: true, webauthn:extension:minPinLength: true, webauthn:extension:prf: true, webauthn:virtualAuthenticators: true}
Session ID: c6e8cf560967d6b6800d52037aabc36e
at java.base/jdk.internal.reflect.NativeConstructorAccessorImpl.newInstance0(Native Method)
at java.base/jdk.internal.reflect.NativeConstructorAccessorImpl.newInstance(NativeConstructorAccessorImpl.java:77)
at java.base/jdk.internal.reflect.DelegatingConstructorAccessorImpl.newInstance(DelegatingConstructorAccessorImpl.java:45)
at java.base/java.lang.reflect.Constructor.newInstanceWithCaller(Constructor.java:499)
at java.base/java.lang.reflect.Constructor.newInstance(Constructor.java:480)
at org.openqa.selenium.remote.codec.w3c.W3CHttpResponseCodec.createException(W3CHttpResponseCodec.java:200)
at org.openqa.selenium.remote.codec.w3c.W3CHttpResponseCodec.decode(W3CHttpResponseCodec.java:133)
at org.openqa.selenium.remote.codec.w3c.W3CHttpResponseCodec.decode(W3CHttpResponseCodec.java:53)
at org.openqa.selenium.remote.HttpCommandExecutor.execute(HttpCommandExecutor.java:184)
at org.openqa.selenium.remote.service.DriverCommandExecutor.invokeExecute(DriverCommandExecutor.java:167)
at org.openqa.selenium.remote.service.DriverCommandExecutor.execute(DriverCommandExecutor.java:142)
at org.openqa.selenium.remote.RemoteWebDriver.execute(RemoteWebDriver.java:535)
at org.openqa.selenium.remote.ElementLocation$ElementFinder$2.findElement(ElementLocation.java:162)
at org.openqa.selenium.remote.ElementLocation.findElement(ElementLocation.java:60)
at org.openqa.selenium.remote.RemoteWebDriver.findElement(RemoteWebDriver.java:351)
at org.openqa.selenium.remote.RemoteWebDriver.findElement(RemoteWebDriver.java:343)
at org.openqa.selenium.support.pagefactory.DefaultElementLocator.findElement(DefaultElementLocator.java:70)
at org.openqa.selenium.support.pagefactory.internal.LocatingElementHandler.invoke(LocatingElementHandler.java:39)
at jdk.proxy2/jdk.proxy2.$Proxy19.click(Unknown Source)
at com.diningedge.PageActions.DiningEdge.PurchasePage.clickOnNewPurchaseAndSelectVendor(PurchasePage.java:76)
at com.diningedge.Regression.CreatePurchaseTest.createNewPurchases(CreatePurchaseTest.java:70)
at com.diningedge.Regression.CreatePurchaseTest.Test01_BasicFlowLogin(CreatePurchaseTest.java:64)
at java.base/jdk.internal.reflect.NativeMethodAccessorImpl.invoke0(Native Method)
at java.base/jdk.internal.reflect.NativeMethodAccessorImpl.invoke(NativeMethodAccessorImpl.java:77)
at java.base/jdk.internal.reflect.DelegatingMethodAccessorImpl.invoke(DelegatingMethodAccessorImpl.java:43)
at java.base/java.lang.reflect.Method.invoke(Method.java:568)
at org.testng.internal.MethodInvocationHelper.invokeMethod(MethodInvocationHelper.java:133)
at org.testng.internal.TestInvoker.invokeMethod(TestInvoker.java:598)
at org.testng.internal.TestInvoker.invokeTestMethod(TestInvoker.java:173)
at org.testng.internal.MethodRunner.runInSequence(MethodRunner.java:46)
at org.testng.internal.TestInvoker$MethodInvocationAgent.invoke(TestInvoker.java:824)
at org.testng.internal.TestInvoker.invokeTestMethods(TestInvoker.java:146)
at org.testng.internal.TestMethodWorker.invokeTestMethods(TestMethodWorker.java:146)
at org.testng.internal.TestMethodWorker.run(TestMethodWorker.java:128)
at java.base/java.util.ArrayList.forEach(ArrayList.java:1511)
at org.testng.TestRunner.privateRun(TestRunner.java:794)
at org.testng.TestRunner.run(TestRunner.java:596)
at org.testng.SuiteRunner.runTest(SuiteRunner.java:377)
at org.testng.SuiteRunner.runSequentially(SuiteRunner.java:371)
at org.testng.SuiteRunner.privateRun(SuiteRunner.java:332)
at org.testng.SuiteRunner.run(SuiteRunner.java:276)
at org.testng.SuiteRunnerWorker.runSuite(SuiteRunnerWorker.java:53)
at org.testng.SuiteRunnerWorker.run(SuiteRunnerWorker.java:96)
at org.testng.TestNG.runSuitesSequentially(TestNG.java:1212)
at org.testng.TestNG.runSuitesLocally(TestNG.java:1134)
at org.testng.TestNG.runSuites(TestNG.java:1063)
at org.testng.TestNG.run(TestNG.java:1031)
at org.testng.remote.AbstractRemoteTestNG.run(AbstractRemoteTestNG.java:115)
at org.testng.remote.RemoteTestNG.initAndRun(RemoteTestNG.java:251)
at org.testng.remote.RemoteTestNG.main(RemoteTestNG.java:77)
]]>
            </full-stacktrace>
          </exception> <!-- org.openqa.selenium.NoSuchElementException -->
          <reporter-output>
            <line>
              <![CDATA[[2023-04-16] [21:55:55:381] User enters Name = testauto123]]>
            </line>
            <line>
              <![CDATA[[2023-04-16] [21:55:55:494] User enters Password =12345678]]>
            </line>
            <line>
              <![CDATA[[2023-04-16] [21:55:55:559] User clicks on the Login Button !!!]]>
            </line>
            <line>
              <![CDATA[[2023-04-16] [21:56:00:488] Assertion Passed: DiningEdge is present on the HomePage]]>
            </line>
            <line>
              <![CDATA[[2023-04-16] [21:56:00:537] Assertion Passed: Dashboard is present on the HomePage]]>
            </line>
            <line>
              <![CDATA[[2023-04-16] [21:56:00:886] User clicks on Order Edge Button !!]]>
            </line>
            <line>
              <![CDATA[[2023-04-16] [21:56:00:989] User clicks on select Location dropDown !!]]>
            </line>
            <line>
              <![CDATA[[2023-04-16] [21:56:01:077] User clicks on select Location loc10 from dropDown !!]]>
            </line>
            <line>
              <![CDATA[[2023-04-16] [21:56:01:457] User clicks on Purchases Button !!]]>
            </line>
            <line>
              <![CDATA[[2023-04-16] [21:56:01:633] User clicks on the create purchase icon !!]]>
            </line>
          </reporter-output>
        </test-method> <!-- Test01_BasicFlowLogin -->
        <test-method is-config="true" signature="take_screenshot_on_failure(org.testng.ITestResult)[pri:0, instance:com.diningedge.Regression.CreatePurchaseTest@2a7f1f10]" started-at="2023-04-16T21:56:11 IST" name="take_screenshot_on_failure" finished-at="2023-04-16T21:56:14 IST" duration-ms="2820" status="PASS">
          <params>
            <param index="0">
              <value>
                <![CDATA[[TestResult name=Test01_BasicFlowLogin status=FAILURE method=CreatePurchaseTest.Test01_BasicFlowLogin()[pri:0, instance:com.diningedge.Regression.CreatePurchaseTest@2a7f1f10] output=[2023-04-16] [21:55:55:381] User enters Name = testauto123]]]>
              </value>
            </param>
          </params>
          <reporter-output>
            <line>
              <![CDATA[Save Image File Path : C:\Users\Jyoti Singh\Desktop\DiningEdgeByM\DiningEdge\./target/screenshots/\CreatePurchaseTest\2023_04_16_09_56_11_5611\screenshot.png]]>
            </line>
            <line>
              <![CDATA[Save Image File Path : C:\Users\Jyoti Singh\Desktop\DiningEdgeByM\DiningEdge\./target/screenshots/\CreatePurchaseTest\2023_04_16_09_56_13_5613\screenshot.png]]>
            </line>
          </reporter-output>
        </test-method> <!-- take_screenshot_on_failure -->
        <test-method is-config="true" signature="endReport()[pri:0, instance:com.diningedge.Regression.CreatePurchaseTest@2a7f1f10]" started-at="2023-04-16T21:56:14 IST" name="endReport" finished-at="2023-04-16T21:56:14 IST" duration-ms="278" status="PASS">
          <reporter-output>
          </reporter-output>
        </test-method> <!-- endReport -->
        <test-method is-config="true" signature="mailTriggerInCaseOfUI()[pri:0, instance:com.diningedge.Regression.CreatePurchaseTest@2a7f1f10]" started-at="2023-04-16T21:56:14 IST" name="mailTriggerInCaseOfUI" finished-at="2023-04-16T21:56:50 IST" duration-ms="35789" status="PASS">
          <reporter-output>
            <line>
              <![CDATA[[2023-04-16] [21:56:14:883] Connecting to the Gmail ...]]>
            </line>
            <line>
              <![CDATA[[2023-04-16] [21:56:14:934] Attached file - Sysco]]>
            </line>
            <line>
              <![CDATA[[2023-04-16] [21:56:14:934] Attached file - loc10]]>
            </line>
            <line>
              <![CDATA[[2023-04-16] [21:56:14:935] Attached file - C:\Users\Jyoti Singh\Desktop\DiningEdgeByM\DiningEdge\./target/screenshots/\CreatePurchaseTest\2023_04_16_09_56_13_5613\screenshot.png]]>
            </line>
            <line>
              <![CDATA[[2023-04-16] [21:56:50:654] Message send success]]>
            </line>
          </reporter-output>
        </test-method> <!-- mailTriggerInCaseOfUI -->
      </class> <!-- com.diningedge.Regression.CreatePurchaseTest -->
    </test> <!-- Default test -->
  </suite> <!-- Default suite -->
</testng-results>
