<?xml version="1.0" encoding="UTF-8"?>
<!-- Generated by org.testng.reporters.JUnitReportReporter -->
<testsuite hostname="Automation_Love" failures="1" tests="1" name="com.diningedge.Regression.SendOrderFromOG" time="142.352" errors="0" timestamp="2023-04-15T12:15:31 IST" skipped="0">
  <testcase classname="com.diningedge.Regression.SendOrderFromOG" name="sendOrderFromOG" time="142.352">
    <failure message="Assertion Failed :: As Total Order Amount is not correct !! expected [$1.000] but found [$1.00]" type="java.lang.AssertionError">
      <![CDATA[java.lang.AssertionError: Assertion Failed :: As Total Order Amount is not correct !! expected [$1.000] but found [$1.00]
at org.testng.Assert.fail(Assert.java:99)
at org.testng.Assert.failNotEquals(Assert.java:1037)
at org.testng.Assert.assertEqualsImpl(Assert.java:140)
at org.testng.Assert.assertEquals(Assert.java:122)
at org.testng.Assert.assertEquals(Assert.java:629)
at com.diningedge.Regression.SendOrderFromOG.verifyOrderFromEmail(SendOrderFromOG.java:129)
at com.diningedge.Regression.SendOrderFromOG.sendOrderFromOG(SendOrderFromOG.java:90)
at java.base/jdk.internal.reflect.NativeMethodAccessorImpl.invoke0(Native Method)
at java.base/jdk.internal.reflect.NativeMethodAccessorImpl.invoke(NativeMethodAccessorImpl.java:77)
at java.base/jdk.internal.reflect.DelegatingMethodAccessorImpl.invoke(DelegatingMethodAccessorImpl.java:43)
at java.base/java.lang.reflect.Method.invoke(Method.java:568)
at org.testng.internal.MethodInvocationHelper.invokeMethod(MethodInvocationHelper.java:133)
at org.testng.internal.TestInvoker.invokeMethod(TestInvoker.java:598)
at org.testng.internal.TestInvoker.invokeTestMethod(TestInvoker.java:173)
at org.testng.internal.MethodRunner.runInSequence(MethodRunner.java:46)
at org.testng.internal.TestInvoker$MethodInvocationAgent.invoke(TestInvoker.java:824)
at org.testng.internal.TestInvoker.invokeTestMethods(TestInvoker.java:146)
at org.testng.internal.TestMethodWorker.invokeTestMethods(TestMethodWorker.java:146)
at org.testng.internal.TestMethodWorker.run(TestMethodWorker.java:128)
at java.base/java.util.ArrayList.forEach(ArrayList.java:1511)
at org.testng.TestRunner.privateRun(TestRunner.java:794)
at org.testng.TestRunner.run(TestRunner.java:596)
at org.testng.SuiteRunner.runTest(SuiteRunner.java:377)
at org.testng.SuiteRunner.runSequentially(SuiteRunner.java:371)
at org.testng.SuiteRunner.privateRun(SuiteRunner.java:332)
at org.testng.SuiteRunner.run(SuiteRunner.java:276)
at org.testng.SuiteRunnerWorker.runSuite(SuiteRunnerWorker.java:53)
at org.testng.SuiteRunnerWorker.run(SuiteRunnerWorker.java:96)
at org.testng.TestNG.runSuitesSequentially(TestNG.java:1212)
at org.testng.TestNG.runSuitesLocally(TestNG.java:1134)
at org.testng.TestNG.runSuites(TestNG.java:1063)
at org.testng.TestNG.run(TestNG.java:1031)
at org.testng.remote.AbstractRemoteTestNG.run(AbstractRemoteTestNG.java:115)
at org.testng.remote.RemoteTestNG.initAndRun(RemoteTestNG.java:251)
at org.testng.remote.RemoteTestNG.main(RemoteTestNG.java:77)
]]>
    </failure>
  </testcase> <!-- sendOrderFromOG -->
  <system-out>
    <![CDATA[[2023-04-15] [12:14:30:716] User enters Name = testauto123
[2023-04-15] [12:14:30:827] User enters Password =12345678
[2023-04-15] [12:14:30:896] User clicks on the Login Button !!!
[2023-04-15] [12:14:35:073] Assertion Passed: DiningEdge is present on the HomePage
[2023-04-15] [12:14:35:122] Assertion Passed: Dashboard is present on the HomePage
[2023-04-15] [12:14:35:640] User clicks on Order from OG Button !!
[2023-04-15] [12:14:35:810] User clicks on the Search Icon on Product List Page
[2023-04-15] [12:14:36:026] User enters the US Food Testing To be searched
[2023-04-15] [12:14:39:387] User clicks on the Update pack pancil button !!
[2023-04-15] [12:14:39:591] USer enters the value 1 for Pack
[2023-04-15] [12:14:39:772] USer enters the value 1 for Size
[2023-04-15] [12:14:42:952] User click on the Save button
[2023-04-15] [12:14:45:167] User clicks on the Snack Bar cross button !!
[2023-04-15] [12:14:45:225] User clicks on the Update price pancil button !!
[2023-04-15] [12:14:45:419] USer enters the value 1 for Price
[2023-04-15] [12:14:48:558] User click on the Save button
[2023-04-15] [12:14:48:578] User clicks on the Update price pancil button !!
[2023-04-15] [12:14:49:396] User clicks on the Snack Bar cross button !!
[2023-04-15] [12:14:49:567] USer enters the value 1 for US Food Testing
[2023-04-15] [12:14:51:844] User clicks on the Add Cart Button !!
[2023-04-15] [12:14:53:999] User clicks on the Checkout Button !!
[2023-04-15] [12:14:55:343] User clicks on the Submit All Button !!
[2023-04-15] [12:14:58:125] User clicks on the Snack Bar cross button !!
[2023-04-15] [12:14:58:903] Connecting to gmail...
[2023-04-15] [12:15:00:890] Connected to - imaps://diningedgetest%40gmail.com@imap.gmail.com
[2023-04-15] [12:15:11:257] Connecting to gmail...
[2023-04-15] [12:15:13:044] Connected to - imaps://diningedgetest%40gmail.com@imap.gmail.com
[2023-04-15] [12:15:13:739] Subject is :-New order : DiningEdgeAutomation (loc10)
[2023-04-15] [12:15:13:741] Connecting to gmail...
[2023-04-15] [12:15:15:875] Connected to - imaps://diningedgetest%40gmail.com@imap.gmail.com
[2023-04-15] [12:15:16:521] Subject is :-New order : DiningEdgeAutomation (loc10)
[2023-04-15] [12:15:16:524] Connecting to gmail...
[2023-04-15] [12:15:18:345] Connected to - imaps://diningedgetest%40gmail.com@imap.gmail.com
[2023-04-15] [12:15:18:977] Subject is :-New order : DiningEdgeAutomation (loc10)
[2023-04-15] [12:15:20:231] orderId #: 380
[2023-04-15] [12:15:20:233] Order Date : 04/15/2023
[2023-04-15] [12:15:20:235] Resturant Name : DiningEdgeAutomation
[2023-04-15] [12:15:20:237] Total Order Amount : $1.00
[2023-04-15] [12:15:20:731] New order : DiningEdgeAutomation (loc10) :: email deleted successfully !!
[2023-04-15] [12:15:20:734] Connecting to gmail...
[2023-04-15] [12:15:22:573] Connected to - imaps://diningedgetest%40gmail.com@imap.gmail.com
[2023-04-15] [12:15:23:229] Moved email in successfully Done!!]]>
  </system-out>
</testsuite> <!-- com.diningedge.Regression.SendOrderFromOG -->
