<?xml version="1.0" encoding="UTF-8"?>
<!-- Generated by org.testng.reporters.JUnitReportReporter -->
<testsuite hostname="LAPTOP-SF32JU0L" failures="1" tests="3" name="com.diningedge.Regression.DiningEdgeLoginTest" time="8.888" errors="0" timestamp="2022-11-26T02:00:36 IST" skipped="0">
  <testcase classname="com.diningedge.Regression.DiningEdgeLoginTest" name="Test003_VerifyOrdersGuidePage" time="4.801">
    <failure message="Assertion Failed: Actual Value :Order Edge is not same as expected that is : Order  Edge expected [Order  Edge] but found [Order Edge]" type="java.lang.AssertionError">
      <![CDATA[java.lang.AssertionError: Assertion Failed: Actual Value :Order Edge is not same as expected that is : Order  Edge expected [Order  Edge] but found [Order Edge]
at org.testng.Assert.fail(Assert.java:99)
at org.testng.Assert.failNotEquals(Assert.java:1037)
at org.testng.Assert.assertEqualsImpl(Assert.java:140)
at org.testng.Assert.assertEquals(Assert.java:122)
at org.testng.Assert.assertEquals(Assert.java:629)
at com.diningedge.PageActions.DashboardPage.verifyOrderEdgePage(DashboardPage.java:112)
at com.diningedge.Regression.DiningEdgeLoginTest.Test003_VerifyOrdersGuidePage(DiningEdgeLoginTest.java:46)
at java.base/jdk.internal.reflect.DirectMethodHandleAccessor.invoke(DirectMethodHandleAccessor.java:104)
at java.base/java.lang.reflect.Method.invoke(Method.java:577)
at org.testng.internal.MethodInvocationHelper.invokeMethod(MethodInvocationHelper.java:133)
at org.testng.internal.TestInvoker.invokeMethod(TestInvoker.java:598)
at org.testng.internal.TestInvoker.invokeTestMethod(TestInvoker.java:173)
at org.testng.internal.MethodRunner.runInSequence(MethodRunner.java:46)
at org.testng.internal.TestInvoker$MethodInvocationAgent.invoke(TestInvoker.java:824)
at org.testng.internal.TestInvoker.invokeTestMethods(TestInvoker.java:146)
at org.testng.internal.TestMethodWorker.invokeTestMethods(TestMethodWorker.java:146)
at org.testng.internal.TestMethodWorker.run(TestMethodWorker.java:128)
at java.base/java.util.ArrayList.forEach(ArrayList.java:1511)
at org.testng.TestRunner.privateRun(TestRunner.java:794)
at org.testng.TestRunner.run(TestRunner.java:596)
at org.testng.SuiteRunner.runTest(SuiteRunner.java:377)
at org.testng.SuiteRunner.runSequentially(SuiteRunner.java:371)
at org.testng.SuiteRunner.privateRun(SuiteRunner.java:332)
at org.testng.SuiteRunner.run(SuiteRunner.java:276)
at org.testng.SuiteRunnerWorker.runSuite(SuiteRunnerWorker.java:53)
at org.testng.SuiteRunnerWorker.run(SuiteRunnerWorker.java:96)
at org.testng.TestNG.runSuitesSequentially(TestNG.java:1212)
at org.testng.TestNG.runSuitesLocally(TestNG.java:1134)
at org.testng.TestNG.runSuites(TestNG.java:1063)
at org.testng.TestNG.run(TestNG.java:1031)
at org.testng.remote.AbstractRemoteTestNG.run(AbstractRemoteTestNG.java:115)
at org.testng.remote.RemoteTestNG.initAndRun(RemoteTestNG.java:251)
at org.testng.remote.RemoteTestNG.main(RemoteTestNG.java:77)
]]>
    </failure>
  </testcase> <!-- Test003_VerifyOrdersGuidePage -->
  <system-out>
    <![CDATA[[2022-11-26] [02:00:31:997] User clicks on select Order Edge Button !!]]>
  </system-out>
  <testcase classname="com.diningedge.Regression.DiningEdgeLoginTest" name="Test002_VerifyDashboardPage" time="3.654"/>
  <system-out>
    <![CDATA[[2022-11-26] [02:00:31:496] Assertion Passed: DiningEdge is present on the HomePage
[2022-11-26] [02:00:31:552] Assertion Passed: Dashboard is present on the HomePage]]>
  </system-out>
  <testcase classname="com.diningedge.Regression.DiningEdgeLoginTest" name="Test001_VerifyLoginPage" time="0.433"/>
  <system-out>
    <![CDATA[[2022-11-26] [02:00:27:710] User enters Name= ocrtestonly
[2022-11-26] [02:00:27:809] User enters Password =123456
[2022-11-26] [02:00:27:893] User clicks on the Login Button !!!]]>
  </system-out>
</testsuite> <!-- com.diningedge.Regression.DiningEdgeLoginTest -->
