<?xml version="1.0" encoding="UTF-8"?>
<!-- Generated by org.testng.reporters.JUnitReportReporter -->
<testsuite hostname="Automation_Love" failures="0" tests="1" name="com.diningedge.Regression.ValidatePurchaseReport" time="185.229" errors="1" timestamp="2023-04-30T13:57:46 IST" skipped="0">
  <testcase classname="com.diningedge.Regression.ValidatePurchaseReport" name="sendOrderFromOG" time="185.229">
    <error message="no such element: Unable to locate element: {&quot;method&quot;:&quot;xpath&quot;,&quot;selector&quot;:&quot;(//th[text()=&#039;Invoice4343&#039;]/../th)[8]&quot;}
  (Session info: chrome=112.0.5615.138)
For documentation on this error, please visit: https://selenium.dev/exceptions/#no_such_element
Build info: version: &#039;4.7.2&#039;, revision: &#039;4d4020c3b7&#039;
System info: os.name: &#039;Windows 11&#039;, os.arch: &#039;amd64&#039;, os.version: &#039;10.0&#039;, java.version: &#039;17.0.5&#039;
Driver info: org.openqa.selenium.chrome.ChromeDriver
Command: [2d153125261d791be78c569e7b2c4d97, findElement {using=xpath, value=(//th[text()=&#039;Invoice4343&#039;]/../th)[8]}]
Capabilities {acceptInsecureCerts: false, browserName: chrome, browserVersion: 112.0.5615.138, chrome: {chromedriverVersion: 112.0.5615.49 (bd2a7bcb881c..., userDataDir: C:\Users\JYOTIS~1\AppData\L...}, goog:chromeOptions: {debuggerAddress: localhost:51534}, networkConnectionEnabled: false, pageLoadStrategy: normal, platformName: WINDOWS, proxy: Proxy(), se:cdp: ws://localhost:51534/devtoo..., se:cdpVersion: 112.0.5615.138, setWindowRect: true, strictFileInteractability: false, timeouts: {implicit: 0, pageLoad: 300000, script: 30000}, unhandledPromptBehavior: dismiss and notify, webauthn:extension:credBlob: true, webauthn:extension:largeBlob: true, webauthn:extension:minPinLength: true, webauthn:extension:prf: true, webauthn:virtualAuthenticators: true}
Session ID: 2d153125261d791be78c569e7b2c4d97" type="org.openqa.selenium.NoSuchElementException">
      <![CDATA[org.openqa.selenium.NoSuchElementException: no such element: Unable to locate element: {"method":"xpath","selector":"(//th[text()='Invoice4343']/../th)[8]"}
  (Session info: chrome=112.0.5615.138)
For documentation on this error, please visit: https://selenium.dev/exceptions/#no_such_element
Build info: version: '4.7.2', revision: '4d4020c3b7'
System info: os.name: 'Windows 11', os.arch: 'amd64', os.version: '10.0', java.version: '17.0.5'
Driver info: org.openqa.selenium.chrome.ChromeDriver
Command: [2d153125261d791be78c569e7b2c4d97, findElement {using=xpath, value=(//th[text()='Invoice4343']/../th)[8]}]
Capabilities {acceptInsecureCerts: false, browserName: chrome, browserVersion: 112.0.5615.138, chrome: {chromedriverVersion: 112.0.5615.49 (bd2a7bcb881c..., userDataDir: C:\Users\JYOTIS~1\AppData\L...}, goog:chromeOptions: {debuggerAddress: localhost:51534}, networkConnectionEnabled: false, pageLoadStrategy: normal, platformName: WINDOWS, proxy: Proxy(), se:cdp: ws://localhost:51534/devtoo..., se:cdpVersion: 112.0.5615.138, setWindowRect: true, strictFileInteractability: false, timeouts: {implicit: 0, pageLoad: 300000, script: 30000}, unhandledPromptBehavior: dismiss and notify, webauthn:extension:credBlob: true, webauthn:extension:largeBlob: true, webauthn:extension:minPinLength: true, webauthn:extension:prf: true, webauthn:virtualAuthenticators: true}
Session ID: 2d153125261d791be78c569e7b2c4d97
at java.base/jdk.internal.reflect.NativeConstructorAccessorImpl.newInstance0(Native Method)
at java.base/jdk.internal.reflect.NativeConstructorAccessorImpl.newInstance(NativeConstructorAccessorImpl.java:77)
at java.base/jdk.internal.reflect.DelegatingConstructorAccessorImpl.newInstance(DelegatingConstructorAccessorImpl.java:45)
at java.base/java.lang.reflect.Constructor.newInstanceWithCaller(Constructor.java:499)
at java.base/java.lang.reflect.Constructor.newInstance(Constructor.java:480)
at org.openqa.selenium.remote.codec.w3c.W3CHttpResponseCodec.createException(W3CHttpResponseCodec.java:200)
at org.openqa.selenium.remote.codec.w3c.W3CHttpResponseCodec.decode(W3CHttpResponseCodec.java:133)
at org.openqa.selenium.remote.codec.w3c.W3CHttpResponseCodec.decode(W3CHttpResponseCodec.java:53)
at org.openqa.selenium.remote.HttpCommandExecutor.execute(HttpCommandExecutor.java:184)
at org.openqa.selenium.remote.service.DriverCommandExecutor.invokeExecute(DriverCommandExecutor.java:167)
at org.openqa.selenium.remote.service.DriverCommandExecutor.execute(DriverCommandExecutor.java:142)
at org.openqa.selenium.remote.RemoteWebDriver.execute(RemoteWebDriver.java:535)
at org.openqa.selenium.remote.ElementLocation$ElementFinder$2.findElement(ElementLocation.java:162)
at org.openqa.selenium.remote.ElementLocation.findElement(ElementLocation.java:60)
at org.openqa.selenium.remote.RemoteWebDriver.findElement(RemoteWebDriver.java:351)
at org.openqa.selenium.remote.RemoteWebDriver.findElement(RemoteWebDriver.java:343)
at com.diningedge.PageActions.DiningEdge.InventoryPage.dynamicElements(InventoryPage.java:79)
at com.diningedge.PageActions.DiningEdge.InventoryPage.getTheValues(InventoryPage.java:106)
at com.diningedge.Regression.ValidatePurchaseReport.velidateFromPurshageReport(ValidatePurchaseReport.java:181)
at com.diningedge.Regression.ValidatePurchaseReport.sendOrderFromOG(ValidatePurchaseReport.java:109)
at java.base/jdk.internal.reflect.NativeMethodAccessorImpl.invoke0(Native Method)
at java.base/jdk.internal.reflect.NativeMethodAccessorImpl.invoke(NativeMethodAccessorImpl.java:77)
at java.base/jdk.internal.reflect.DelegatingMethodAccessorImpl.invoke(DelegatingMethodAccessorImpl.java:43)
at java.base/java.lang.reflect.Method.invoke(Method.java:568)
at org.testng.internal.MethodInvocationHelper.invokeMethod(MethodInvocationHelper.java:133)
at org.testng.internal.TestInvoker.invokeMethod(TestInvoker.java:598)
at org.testng.internal.TestInvoker.invokeTestMethod(TestInvoker.java:173)
at org.testng.internal.MethodRunner.runInSequence(MethodRunner.java:46)
at org.testng.internal.TestInvoker$MethodInvocationAgent.invoke(TestInvoker.java:824)
at org.testng.internal.TestInvoker.invokeTestMethods(TestInvoker.java:146)
at org.testng.internal.TestMethodWorker.invokeTestMethods(TestMethodWorker.java:146)
at org.testng.internal.TestMethodWorker.run(TestMethodWorker.java:128)
at java.base/java.util.ArrayList.forEach(ArrayList.java:1511)
at org.testng.TestRunner.privateRun(TestRunner.java:794)
at org.testng.TestRunner.run(TestRunner.java:596)
at org.testng.SuiteRunner.runTest(SuiteRunner.java:377)
at org.testng.SuiteRunner.runSequentially(SuiteRunner.java:371)
at org.testng.SuiteRunner.privateRun(SuiteRunner.java:332)
at org.testng.SuiteRunner.run(SuiteRunner.java:276)
at org.testng.SuiteRunnerWorker.runSuite(SuiteRunnerWorker.java:53)
at org.testng.SuiteRunnerWorker.run(SuiteRunnerWorker.java:96)
at org.testng.TestNG.runSuitesSequentially(TestNG.java:1212)
at org.testng.TestNG.runSuitesLocally(TestNG.java:1134)
at org.testng.TestNG.runSuites(TestNG.java:1063)
at org.testng.TestNG.run(TestNG.java:1031)
at org.testng.remote.AbstractRemoteTestNG.run(AbstractRemoteTestNG.java:115)
at org.testng.remote.RemoteTestNG.initAndRun(RemoteTestNG.java:251)
at org.testng.remote.RemoteTestNG.main(RemoteTestNG.java:77)
]]>
    </error>
  </testcase> <!-- sendOrderFromOG -->
  <system-out>
    <![CDATA[[2023-04-30] [13:55:59:321] User enters Name = testauto123
[2023-04-30] [13:55:59:489] User enters Password =12345678
[2023-04-30] [13:55:59:587] User clicks on the Login Button !!!
[2023-04-30] [13:56:05:155] Assertion Passed: DiningEdge is present on the HomePage
[2023-04-30] [13:56:05:222] Assertion Passed: Dashboard is present on the HomePage
[2023-04-30] [13:56:06:094] User clicks on Order from OG Button !!
[2023-04-30] [13:56:06:310] User clicks on the Search Icon on Product List Page
[2023-04-30] [13:56:06:561] User enters the Milk Cheney To be searched
[2023-04-30] [13:56:09:755] User clicks on the Update pack pancil button !!
[2023-04-30] [13:56:10:089] USer enters the value 2 for Pack
[2023-04-30] [13:56:10:372] USer enters the value 2 for Size
[2023-04-30] [13:56:13:618] User click on the Save button
[2023-04-30] [13:56:16:290] User clicks on the Snack Bar cross button !!
[2023-04-30] [13:56:16:426] User clicks on the Update price pancil button !!
[2023-04-30] [13:56:16:747] USer enters the value 2 for Price
[2023-04-30] [13:56:19:899] User click on the Save button
[2023-04-30] [13:56:19:927] User clicks on the Update price pancil button !!
[2023-04-30] [13:56:21:840] User clicks on the Snack Bar cross button !!
[2023-04-30] [13:56:22:122] USer enters the value 2 for Milk Cheney
[2023-04-30] [13:56:24:514] User clicks on the Add Cart Button !!
[2023-04-30] [13:56:26:790] User clicks on the Checkout Button !!
[2023-04-30] [13:56:28:164] User clicks on the Submit All Button !!
[2023-04-30] [13:56:31:111] User clicks on the Snack Bar cross button !!
[2023-04-30] [13:56:32:376] Connecting to gmail...
[2023-04-30] [13:56:34:495] Connected to - imaps://diningedgetest%40gmail.com@imap.gmail.com
[2023-04-30] [13:56:45:092] Connecting to gmail...
[2023-04-30] [13:56:47:290] Connected to - imaps://diningedgetest%40gmail.com@imap.gmail.com
[2023-04-30] [13:56:47:979] Subject is :-New order : DiningEdgeAutomation (loc10)
[2023-04-30] [13:56:47:982] Connecting to gmail...
[2023-04-30] [13:56:50:069] Connected to - imaps://diningedgetest%40gmail.com@imap.gmail.com
[2023-04-30] [13:56:50:674] Subject is :-New order : DiningEdgeAutomation (loc10)
[2023-04-30] [13:56:50:677] Connecting to gmail...
[2023-04-30] [13:56:52:709] Connected to - imaps://diningedgetest%40gmail.com@imap.gmail.com
[2023-04-30] [13:56:53:374] Subject is :-New order : DiningEdgeAutomation (loc10)
[2023-04-30] [13:56:54:547] orderId #: 686
[2023-04-30] [13:56:54:550] Order Date : 04/30/2023
[2023-04-30] [13:56:54:553] Resturant Name : DiningEdgeAutomation
[2023-04-30] [13:56:54:554] Total Order Amount : $4.00
[2023-04-30] [13:56:55:080] New order : DiningEdgeAutomation (loc10) :: email deleted successfully !!
[2023-04-30] [13:56:55:083] Connecting to gmail...
[2023-04-30] [13:56:56:986] Connected to - imaps://diningedgetest%40gmail.com@imap.gmail.com
[2023-04-30] [13:56:57:576] Moved email in successfully Done!!
[2023-04-30] [13:56:58:409] User clicks on Purchases Button !!
[2023-04-30] [13:57:00:764] User clicks on the PO Number = 686
[2023-04-30] [13:57:02:532] User enters the invoice number Invoice4343
[2023-04-30] [13:57:05:757] User selects the current date
[2023-04-30] [13:57:05:865] select date as :: 2
[2023-04-30] [13:57:12:056] User click on the OK button
[2023-04-30] [13:57:17:486] User clicks on the Snack Bar cross button !!
[2023-04-30] [13:57:24:004] User click on the Approve button
[2023-04-30] [13:57:27:678] User clicks on the Inventory button !!
[2023-04-30] [13:57:27:946] User selects the Reports From the list
[2023-04-30] [13:57:28:243] User selects the Purchase Report From the list
[2023-04-30] [13:57:28:577] User clicks on the Filter Icon !!
[2023-04-30] [13:57:32:389] User search Milk]]>
  </system-out>
</testsuite> <!-- com.diningedge.Regression.ValidatePurchaseReport -->
