<?xml version="1.0" encoding="UTF-8"?>
<!-- Generated by org.testng.reporters.JUnitReportReporter -->
<testsuite hostname="Automation_Love" failures="0" tests="1" name="com.diningedge.Regression.E2E_Flow" time="92.236" errors="1" timestamp="2023-07-03T17:05:11 IST" skipped="0">
  <testcase classname="com.diningedge.Regression.E2E_Flow" name="Test01_BasicFlowLogin" time="92.236">
    <error message="element click intercepted: Element &lt;svg class=&quot;jss415&quot; focusable=&quot;false&quot; viewBox=&quot;0 0 15.676 15.676&quot; aria-hidden=&quot;true&quot; role=&quot;presentation&quot; style=&quot;stroke: rgb(226, 226, 226); font-size: 18px;&quot;&gt;...&lt;/svg&gt; is not clickable at point (83, 217). Other element would receive the click: &lt;div class=&quot;jss986 jss984&quot; role=&quot;document&quot; tabindex=&quot;-1&quot; style=&quot;opacity: 1; transition: opacity 225ms cubic-bezier(0.4, 0, 0.2, 1) 0ms;&quot;&gt;...&lt;/div&gt;
  (Session info: chrome=114.0.5735.199)
Build info: version: &#039;4.7.2&#039;, revision: &#039;4d4020c3b7&#039;
System info: os.name: &#039;Windows 11&#039;, os.arch: &#039;amd64&#039;, os.version: &#039;10.0&#039;, java.version: &#039;17.0.5&#039;
Driver info: org.openqa.selenium.chrome.ChromeDriver
Command: [64e49367e6248f9d4c7711d06f8cf1d5, clickElement {id=37F39B67B69006F85CC7F09C8C78A357_element_99}]
Capabilities {acceptInsecureCerts: false, browserName: chrome, browserVersion: 114.0.5735.199, chrome: {chromedriverVersion: 114.0.5735.90 (386bc09e8f4f..., userDataDir: C:\Users\JYOTIS~1\AppData\L...}, goog:chromeOptions: {debuggerAddress: localhost:54333}, networkConnectionEnabled: false, pageLoadStrategy: normal, platformName: WINDOWS, proxy: Proxy(), se:cdp: ws://localhost:54333/devtoo..., se:cdpVersion: 114.0.5735.199, setWindowRect: true, strictFileInteractability: false, timeouts: {implicit: 0, pageLoad: 300000, script: 30000}, unhandledPromptBehavior: dismiss and notify, webauthn:extension:credBlob: true, webauthn:extension:largeBlob: true, webauthn:extension:minPinLength: true, webauthn:extension:prf: true, webauthn:virtualAuthenticators: true}
Element: [[ChromeDriver: chrome on WINDOWS (64e49367e6248f9d4c7711d06f8cf1d5)] -&gt; xpath: //div//h3[contains(.,&#039;Automation_Cheney_1&#039;)]/../..//a//button//span//*[local-name()=&#039;svg&#039; and @role=&#039;presentation&#039;]]
Session ID: 64e49367e6248f9d4c7711d06f8cf1d5" type="org.openqa.selenium.ElementClickInterceptedException">
      <![CDATA[org.openqa.selenium.ElementClickInterceptedException: element click intercepted: Element <svg class="jss415" focusable="false" viewBox="0 0 15.676 15.676" aria-hidden="true" role="presentation" style="stroke: rgb(226, 226, 226); font-size: 18px;">...</svg> is not clickable at point (83, 217). Other element would receive the click: <div class="jss986 jss984" role="document" tabindex="-1" style="opacity: 1; transition: opacity 225ms cubic-bezier(0.4, 0, 0.2, 1) 0ms;">...</div>
  (Session info: chrome=114.0.5735.199)
Build info: version: '4.7.2', revision: '4d4020c3b7'
System info: os.name: 'Windows 11', os.arch: 'amd64', os.version: '10.0', java.version: '17.0.5'
Driver info: org.openqa.selenium.chrome.ChromeDriver
Command: [64e49367e6248f9d4c7711d06f8cf1d5, clickElement {id=37F39B67B69006F85CC7F09C8C78A357_element_99}]
Capabilities {acceptInsecureCerts: false, browserName: chrome, browserVersion: 114.0.5735.199, chrome: {chromedriverVersion: 114.0.5735.90 (386bc09e8f4f..., userDataDir: C:\Users\JYOTIS~1\AppData\L...}, goog:chromeOptions: {debuggerAddress: localhost:54333}, networkConnectionEnabled: false, pageLoadStrategy: normal, platformName: WINDOWS, proxy: Proxy(), se:cdp: ws://localhost:54333/devtoo..., se:cdpVersion: 114.0.5735.199, setWindowRect: true, strictFileInteractability: false, timeouts: {implicit: 0, pageLoad: 300000, script: 30000}, unhandledPromptBehavior: dismiss and notify, webauthn:extension:credBlob: true, webauthn:extension:largeBlob: true, webauthn:extension:minPinLength: true, webauthn:extension:prf: true, webauthn:virtualAuthenticators: true}
Element: [[ChromeDriver: chrome on WINDOWS (64e49367e6248f9d4c7711d06f8cf1d5)] -> xpath: //div//h3[contains(.,'Automation_Cheney_1')]/../..//a//button//span//*[local-name()='svg' and @role='presentation']]
Session ID: 64e49367e6248f9d4c7711d06f8cf1d5
at java.base/jdk.internal.reflect.NativeConstructorAccessorImpl.newInstance0(Native Method)
at java.base/jdk.internal.reflect.NativeConstructorAccessorImpl.newInstance(NativeConstructorAccessorImpl.java:77)
at java.base/jdk.internal.reflect.DelegatingConstructorAccessorImpl.newInstance(DelegatingConstructorAccessorImpl.java:45)
at java.base/java.lang.reflect.Constructor.newInstanceWithCaller(Constructor.java:499)
at java.base/java.lang.reflect.Constructor.newInstance(Constructor.java:480)
at org.openqa.selenium.remote.codec.w3c.W3CHttpResponseCodec.createException(W3CHttpResponseCodec.java:200)
at org.openqa.selenium.remote.codec.w3c.W3CHttpResponseCodec.decode(W3CHttpResponseCodec.java:133)
at org.openqa.selenium.remote.codec.w3c.W3CHttpResponseCodec.decode(W3CHttpResponseCodec.java:53)
at org.openqa.selenium.remote.HttpCommandExecutor.execute(HttpCommandExecutor.java:184)
at org.openqa.selenium.remote.service.DriverCommandExecutor.invokeExecute(DriverCommandExecutor.java:167)
at org.openqa.selenium.remote.service.DriverCommandExecutor.execute(DriverCommandExecutor.java:142)
at org.openqa.selenium.remote.RemoteWebDriver.execute(RemoteWebDriver.java:535)
at org.openqa.selenium.remote.RemoteWebElement.execute(RemoteWebElement.java:257)
at org.openqa.selenium.remote.RemoteWebElement.click(RemoteWebElement.java:78)
at com.diningedge.PageActions.DiningEdge.OrderEdgePage.clickOnComparabls(OrderEdgePage.java:231)
at com.diningedge.Regression.E2E_Flow.addComparabls(E2E_Flow.java:141)
at com.diningedge.Regression.E2E_Flow.Test01_BasicFlowLogin(E2E_Flow.java:98)
at java.base/jdk.internal.reflect.NativeMethodAccessorImpl.invoke0(Native Method)
at java.base/jdk.internal.reflect.NativeMethodAccessorImpl.invoke(NativeMethodAccessorImpl.java:77)
at java.base/jdk.internal.reflect.DelegatingMethodAccessorImpl.invoke(DelegatingMethodAccessorImpl.java:43)
at java.base/java.lang.reflect.Method.invoke(Method.java:568)
at org.testng.internal.MethodInvocationHelper.invokeMethod(MethodInvocationHelper.java:133)
at org.testng.internal.TestInvoker.invokeMethod(TestInvoker.java:598)
at org.testng.internal.TestInvoker.invokeTestMethod(TestInvoker.java:173)
at org.testng.internal.MethodRunner.runInSequence(MethodRunner.java:46)
at org.testng.internal.TestInvoker$MethodInvocationAgent.invoke(TestInvoker.java:824)
at org.testng.internal.TestInvoker.invokeTestMethods(TestInvoker.java:146)
at org.testng.internal.TestMethodWorker.invokeTestMethods(TestMethodWorker.java:146)
at org.testng.internal.TestMethodWorker.run(TestMethodWorker.java:128)
at java.base/java.util.ArrayList.forEach(ArrayList.java:1511)
at org.testng.TestRunner.privateRun(TestRunner.java:794)
at org.testng.TestRunner.run(TestRunner.java:596)
at org.testng.SuiteRunner.runTest(SuiteRunner.java:377)
at org.testng.SuiteRunner.runSequentially(SuiteRunner.java:371)
at org.testng.SuiteRunner.privateRun(SuiteRunner.java:332)
at org.testng.SuiteRunner.run(SuiteRunner.java:276)
at org.testng.SuiteRunnerWorker.runSuite(SuiteRunnerWorker.java:53)
at org.testng.SuiteRunnerWorker.run(SuiteRunnerWorker.java:96)
at org.testng.TestNG.runSuitesSequentially(TestNG.java:1212)
at org.testng.TestNG.runSuitesLocally(TestNG.java:1134)
at org.testng.TestNG.runSuites(TestNG.java:1063)
at org.testng.TestNG.run(TestNG.java:1031)
at org.testng.remote.AbstractRemoteTestNG.run(AbstractRemoteTestNG.java:115)
at org.testng.remote.RemoteTestNG.initAndRun(RemoteTestNG.java:251)
at org.testng.remote.RemoteTestNG.main(RemoteTestNG.java:77)
]]>
    </error>
  </testcase> <!-- Test01_BasicFlowLogin -->
  <system-out>
    <![CDATA[[2023-07-03] [17:04:27:265] User enters Name = testauto123
[2023-07-03] [17:04:27:402] User enters Password =12345678
[2023-07-03] [17:04:27:497] User clicks on the Login Button !!!
[2023-07-03] [17:04:32:743] Assertion Passed: DiningEdge is present on the HomePage
[2023-07-03] [17:04:32:817] Assertion Passed: Dashboard is present on the HomePage
[2023-07-03] [17:04:33:353] User clicks on Order Edge Button !!
[2023-07-03] [17:04:33:535] User clicks on select Location dropDown !!
[2023-07-03] [17:04:33:675] User clicks on select Location loc10 from dropDown !!
[2023-07-03] [17:04:34:056] User clicks on the setting Icon button !!
[2023-07-03] [17:04:37:238] User enters US Foods search bar !!
[2023-07-03] [17:04:37:450] User clicks on the US Foods List item !!
[2023-07-03] [17:04:39:743] User clicks on the EDI Settings Setting item !!
[2023-07-03] [17:04:39:873] User Select on the Send Order Setting options !!
[2023-07-03] [17:04:40:096] User clicks the select Type DropDown
[2023-07-03] [17:04:40:278] User clicks the Email DropDown
[2023-07-03] [17:04:41:095] User enter the following email ::diningedgetest@gmail.com
[2023-07-03] [17:04:41:318] User clicks on the Save button !!
[2023-07-03] [17:04:44:890] User clicks on the Snack Bar cross button !!
[2023-07-03] [17:04:45:351] User clicks on Order Edge Button !!
[2023-07-03] [17:04:49:721] User clicks on the add Product Button !!
[2023-07-03] [17:04:49:807] Assertion Passed: Create product is present on the popup
[2023-07-03] [17:04:49:910] Assertion Passed: Create product is present on the popup
[2023-07-03] [17:04:50:697] User enters the value Automation_Cheney_1 in Name
[2023-07-03] [17:04:50:811] Assertion Passed: Create product is present on the popup
[2023-07-03] [17:04:50:988] User enters the value 1 in Size
[2023-07-03] [17:04:51:179] User enters the value Unit * Dropdown !!
[2023-07-03] [17:04:54:402] User selects the value DOZ From the Dropdown !!
[2023-07-03] [17:04:54:894] User enters the value Primary Category * Dropdown !!
[2023-07-03] [17:04:58:152] User selects the value bread From the Dropdown !!
[2023-07-03] [17:04:58:654] User enters the value Storage Dropdown !!
[2023-07-03] [17:05:01:843] User selects the value Soft From the Dropdown !!
[2023-07-03] [17:05:01:898] Assertion Passed: Create product is present on the popup
[2023-07-03] [17:05:02:068] User enters the value 1 in Position
[2023-07-03] [17:05:05:401] User click on the Save button
[2023-07-03] [17:05:07:185] User clicks on the Snack Bar cross button !!]]>
  </system-out>
</testsuite> <!-- com.diningedge.Regression.E2E_Flow -->
