<html>
<head>
<title>TestNG:  OrderEdgeProductFlow</title>
<link href="../testng.css" rel="stylesheet" type="text/css" />
<link href="../my-testng.css" rel="stylesheet" type="text/css" />

<style type="text/css">
.log { display: none;} 
.stack-trace { display: none;} 
</style>
<script type="text/javascript">
<!--
function flip(e) {
  current = e.style.display;
  if (current == 'block') {
    e.style.display = 'none';
    return 0;
  }
  else {
    e.style.display = 'block';
    return 1;
  }
}

function toggleBox(szDivId, elem, msg1, msg2)
{
  var res = -1;  if (document.getElementById) {
    res = flip(document.getElementById(szDivId));
  }
  else if (document.all) {
    // this is the way old msie versions work
    res = flip(document.all[szDivId]);
  }
  if(elem) {
    if(res == 0) elem.innerHTML = msg1; else elem.innerHTML = msg2;
  }

}

function toggleAllBoxes() {
  if (document.getElementsByTagName) {
    d = document.getElementsByTagName('div');
    for (i = 0; i < d.length; i++) {
      if (d[i].className == 'log') {
        flip(d[i]);
      }
    }
  }
}

// -->
</script>

</head>
<body>
<h2 align='center'>OrderEdgeProductFlow</h2><table border='1' align="center">
<tr>
<td>Tests passed/Failed/Skipped:</td><td>1/0/0</td>
</tr><tr>
<td>Started on:</td><td>Tue Feb 14 13:25:44 IST 2023</td>
</tr>
<tr><td>Total time:</td><td>68 seconds (68279 ms)</td>
</tr><tr>
<td>Included groups:</td><td></td>
</tr><tr>
<td>Excluded groups:</td><td></td>
</tr>
</table><p/>
<small><i>(Hover the method name to see the test class name)</i></small><p/>
<table width='100%' border='1' class='invocation-failed'>
<tr><td colspan='4' align='center'><b>FAILED CONFIGURATIONS</b></td></tr>
<tr><td><b>Test method</b></td>
<td width="30%"><b>Exception</b></td>
<td width="10%"><b>Time (seconds)</b></td>
<td><b>Instance</b></td>
</tr>
<tr>
<td title='com.diningedge.Regression.OrderEdgeProductFlow.dataCleanUp()'><b>dataCleanUp</b><br>Test class: com.diningedge.Regression.OrderEdgeProductFlow</td>
<td><div><pre>org.openqa.selenium.NoSuchSessionException: Session ID is null. Using WebDriver after calling quit()?
Build info: version: &apos;4.7.2&apos;, revision: &apos;4d4020c3b7&apos;
System info: os.name: &apos;Windows 11&apos;, os.arch: &apos;amd64&apos;, os.version: &apos;10.0&apos;, java.version: &apos;17.0.5&apos;
Driver info: org.openqa.selenium.chrome.ChromeDriver
Command: [null, findElement {using=xpath, value=//div//span[text()=&apos;Manage Items&apos;]}]
Capabilities {acceptInsecureCerts: false, browserName: chrome, browserVersion: 110.0.5481.77, chrome: {chromedriverVersion: 110.0.5481.77 (65ed616c6e8e..., userDataDir: C:\Users\JYOTIS~1\AppData\L...}, goog:chromeOptions: {debuggerAddress: localhost:60857}, networkConnectionEnabled: false, pageLoadStrategy: normal, platformName: WINDOWS, proxy: Proxy(), se:cdp: ws://localhost:60857/devtoo..., se:cdpVersion: 110.0.5481.77, setWindowRect: true, strictFileInteractability: false, timeouts: {implicit: 0, pageLoad: 300000, script: 30000}, unhandledPromptBehavior: dismiss and notify, webauthn:extension:credBlob: true, webauthn:extension:largeBlob: true, webauthn:virtualAuthenticators: true}
	at org.openqa.selenium.remote.HttpCommandExecutor.execute(HttpCommandExecutor.java:145)
	at org.openqa.selenium.remote.service.DriverCommandExecutor.invokeExecute(DriverCommandExecutor.java:167)
	at org.openqa.selenium.remote.service.DriverCommandExecutor.execute(DriverCommandExecutor.java:142)
	at org.openqa.selenium.remote.RemoteWebDriver.execute(RemoteWebDriver.java:535)
	at org.openqa.selenium.remote.ElementLocation$ElementFinder$2.findElement(ElementLocation.java:162)
	at org.openqa.selenium.remote.ElementLocation.findElement(ElementLocation.java:60)
	at org.openqa.selenium.remote.RemoteWebDriver.findElement(RemoteWebDriver.java:351)
	at org.openqa.selenium.remote.RemoteWebDriver.findElement(RemoteWebDriver.java:343)
	at com.diningedge.PageActions.DiningEdge.ManageItemsPage.dynamicElements(ManageItemsPage.java:66)
	at com.diningedge.PageActions.DiningEdge.ManageItemsPage.selectItemTypeFromList(ManageItemsPage.java:76)
	at com.diningedge.Regression.OrderEdgeProductFlow.ManangeProducts(OrderEdgeProductFlow.java:74)
	at com.diningedge.Regression.OrderEdgeProductFlow.dataCleanUp(OrderEdgeProductFlow.java:82)
	at java.base/java.util.ArrayList.forEach(ArrayList.java:1511)
	at java.base/java.util.concurrent.FutureTask.run(FutureTask.java:264)
	at java.base/java.util.concurrent.ThreadPoolExecutor.runWorker(ThreadPoolExecutor.java:1136)
	at java.base/java.util.concurrent.ThreadPoolExecutor$Worker.run(ThreadPoolExecutor.java:635)
	at java.base/java.lang.Thread.run(Thread.java:833)
... Removed 16 stack frames</pre></div><a href='#' onClick='toggleBox("stack-trace1380332109", this, "Click to show all stack frames", "Click to hide stack frames")'>Click to show all stack frames</a>
<div class='stack-trace' id='stack-trace1380332109'><pre>org.openqa.selenium.NoSuchSessionException: Session ID is null. Using WebDriver after calling quit()?
Build info: version: &apos;4.7.2&apos;, revision: &apos;4d4020c3b7&apos;
System info: os.name: &apos;Windows 11&apos;, os.arch: &apos;amd64&apos;, os.version: &apos;10.0&apos;, java.version: &apos;17.0.5&apos;
Driver info: org.openqa.selenium.chrome.ChromeDriver
Command: [null, findElement {using=xpath, value=//div//span[text()=&apos;Manage Items&apos;]}]
Capabilities {acceptInsecureCerts: false, browserName: chrome, browserVersion: 110.0.5481.77, chrome: {chromedriverVersion: 110.0.5481.77 (65ed616c6e8e..., userDataDir: C:\Users\JYOTIS~1\AppData\L...}, goog:chromeOptions: {debuggerAddress: localhost:60857}, networkConnectionEnabled: false, pageLoadStrategy: normal, platformName: WINDOWS, proxy: Proxy(), se:cdp: ws://localhost:60857/devtoo..., se:cdpVersion: 110.0.5481.77, setWindowRect: true, strictFileInteractability: false, timeouts: {implicit: 0, pageLoad: 300000, script: 30000}, unhandledPromptBehavior: dismiss and notify, webauthn:extension:credBlob: true, webauthn:extension:largeBlob: true, webauthn:virtualAuthenticators: true}
	at org.openqa.selenium.remote.HttpCommandExecutor.execute(HttpCommandExecutor.java:145)
	at org.openqa.selenium.remote.service.DriverCommandExecutor.invokeExecute(DriverCommandExecutor.java:167)
	at org.openqa.selenium.remote.service.DriverCommandExecutor.execute(DriverCommandExecutor.java:142)
	at org.openqa.selenium.remote.RemoteWebDriver.execute(RemoteWebDriver.java:535)
	at org.openqa.selenium.remote.ElementLocation$ElementFinder$2.findElement(ElementLocation.java:162)
	at org.openqa.selenium.remote.ElementLocation.findElement(ElementLocation.java:60)
	at org.openqa.selenium.remote.RemoteWebDriver.findElement(RemoteWebDriver.java:351)
	at org.openqa.selenium.remote.RemoteWebDriver.findElement(RemoteWebDriver.java:343)
	at com.diningedge.PageActions.DiningEdge.ManageItemsPage.dynamicElements(ManageItemsPage.java:66)
	at com.diningedge.PageActions.DiningEdge.ManageItemsPage.selectItemTypeFromList(ManageItemsPage.java:76)
	at com.diningedge.Regression.OrderEdgeProductFlow.ManangeProducts(OrderEdgeProductFlow.java:74)
	at com.diningedge.Regression.OrderEdgeProductFlow.dataCleanUp(OrderEdgeProductFlow.java:82)
	at java.base/jdk.internal.reflect.NativeMethodAccessorImpl.invoke0(Native Method)
	at java.base/jdk.internal.reflect.NativeMethodAccessorImpl.invoke(NativeMethodAccessorImpl.java:77)
	at java.base/jdk.internal.reflect.DelegatingMethodAccessorImpl.invoke(DelegatingMethodAccessorImpl.java:43)
	at java.base/java.lang.reflect.Method.invoke(Method.java:568)
	at org.testng.internal.MethodInvocationHelper.invokeMethod(MethodInvocationHelper.java:133)
	at org.testng.internal.MethodInvocationHelper.invokeMethodConsideringTimeout(MethodInvocationHelper.java:62)
	at org.testng.internal.ConfigInvoker.invokeConfigurationMethod(ConfigInvoker.java:385)
	at org.testng.internal.ConfigInvoker.invokeConfigurations(ConfigInvoker.java:321)
	at org.testng.internal.TestMethodWorker.invokeAfterClassMethods(TestMethodWorker.java:217)
	at org.testng.internal.TestMethodWorker.run(TestMethodWorker.java:130)
	at java.base/java.util.ArrayList.forEach(ArrayList.java:1511)
	at org.testng.TestRunner.privateRun(TestRunner.java:794)
	at org.testng.TestRunner.run(TestRunner.java:596)
	at org.testng.SuiteRunner.runTest(SuiteRunner.java:377)
	at org.testng.SuiteRunner.access$000(SuiteRunner.java:28)
	at org.testng.SuiteRunner$SuiteWorker.run(SuiteRunner.java:418)
	at org.testng.internal.thread.ThreadUtil.lambda$execute$0(ThreadUtil.java:64)
	at java.base/java.util.concurrent.FutureTask.run(FutureTask.java:264)
	at java.base/java.util.concurrent.ThreadPoolExecutor.runWorker(ThreadPoolExecutor.java:1136)
	at java.base/java.util.concurrent.ThreadPoolExecutor$Worker.run(ThreadPoolExecutor.java:635)
	at java.base/java.lang.Thread.run(Thread.java:833)
</pre></div></td>
<td>0</td>
<td>com.diningedge.Regression.OrderEdgeProductFlow@cc43f62</td></tr>
</table><p>
<table width='100%' border='1' class='invocation-skipped'>
<tr><td colspan='4' align='center'><b>SKIPPED CONFIGURATIONS</b></td></tr>
<tr><td><b>Test method</b></td>
<td width="30%"><b>Exception</b></td>
<td width="10%"><b>Time (seconds)</b></td>
<td><b>Instance</b></td>
</tr>
<tr>
<td title='com.diningedge.Regression.OrderEdgeProductFlow.endReport()'><b>endReport</b><br>Test class: com.diningedge.Regression.OrderEdgeProductFlow</td>
<td></td>
<td>-1676361413</td>
<td>com.diningedge.Regression.OrderEdgeProductFlow@cc43f62</td></tr>
</table><p>
<table width='100%' border='1' class='invocation-passed'>
<tr><td colspan='4' align='center'><b>PASSED TESTS</b></td></tr>
<tr><td><b>Test method</b></td>
<td width="30%"><b>Exception</b></td>
<td width="10%"><b>Time (seconds)</b></td>
<td><b>Instance</b></td>
</tr>
<tr>
<td title='com.diningedge.Regression.OrderEdgeProductFlow.Test01_BasicFlowLogin()'><b>Test01_BasicFlowLogin</b><br>Test class: com.diningedge.Regression.OrderEdgeProductFlow<br/>
<a href="#Output-1767909064" onClick='toggleBox("Output-1767909064", this, "Show output", "Hide output");'>Show output</a>

<a href="#Output-1767909064" onClick="toggleAllBoxes();">Show all outputs</a>
<div class='log' id="Output-1767909064">
[2023-02-14] [13:26:07:218] User enters Name = testauto<br/>
[2023-02-14] [13:26:07:330] User enters Password =123456<br/>
[2023-02-14] [13:26:07:413] User clicks on the Login Button !!!<br/>
[2023-02-14] [13:26:12:386] Assertion Passed: DiningEdge is present on the HomePage<br/>
[2023-02-14] [13:26:12:457] Assertion Passed: Dashboard is present on the HomePage<br/>
[2023-02-14] [13:26:13:084] User clicks on Order Edge Button !!<br/>
[2023-02-14] [13:26:13:383] User clicks on select Location dropDown !!<br/>
[2023-02-14] [13:26:13:536] User clicks on select Location loc10 from dropDown !!<br/>
[2023-02-14] [13:26:18:145] User clicks on the add Product Button !!<br/>
[2023-02-14] [13:26:18:379] Assertion Passed: Create product is present on the popup<br/>
[2023-02-14] [13:26:18:452] Assertion Passed: Create product is present on the popup<br/>
[2023-02-14] [13:26:20:536] User enters the value Automation Product 2 in Name<br/>
[2023-02-14] [13:26:20:733] Assertion Passed: Create product is present on the popup<br/>
[2023-02-14] [13:26:21:159] User enters the value 2 in Size<br/>
[2023-02-14] [13:26:21:781] User enters the value Unit * Dropdown !!<br/>
[2023-02-14] [13:26:25:273] User selects the value LB From the Dropdown !!<br/>
[2023-02-14] [13:26:26:042] User enters the value Primary Category * Dropdown !!<br/>
[2023-02-14] [13:26:29:349] User selects the value GFS From the Dropdown !!<br/>
[2023-02-14] [13:26:29:805] User enters the value Storage Dropdown !!<br/>
[2023-02-14] [13:26:33:080] User selects the value Liquid From the Dropdown !!<br/>
[2023-02-14] [13:26:33:542] User click on the Save button<br/>
[2023-02-14] [13:26:42:428] User clicks on the Snack Bar cross button !!<br/>
[2023-02-14] [13:26:42:903] User clicks on the Open Manage Comparabls Button !!<br/>
[2023-02-14] [13:26:47:917] User adds comparabls !!<br/>
[2023-02-14] [13:26:49:058] User click on the Save and Close button<br/>
[2023-02-14] [13:26:51:024] User clicks on the cross icon<br/>
</div>
</td>
<td></td>
<td>46</td>
<td>com.diningedge.Regression.OrderEdgeProductFlow@cc43f62</td></tr>
</table><p>
</body>
</html>